2023/10/25 13:54:26 This is a log message
2023/10/25 13:54:26 Authorized on account pars_snake_bot
2023/10/25 13:54:26 Passage уже отправлен
2023/10/25 13:54:26 <nil> <nil>
2023/10/25 13:54:31 Passage уже отправлен
2023/10/25 13:54:31 <nil> <nil>
2023/10/25 13:54:32 

Получено новое сообщение: 
username -> spocksheldon
text -> /buy
chat_id -> 878749690
Конец

2023/10/25 13:54:36 Passage уже отправлен
2023/10/25 13:54:36 <nil> <nil>
2023/10/25 13:54:41 Passage уже отправлен
2023/10/25 13:54:41 <nil> <nil>
2023/10/25 13:54:46 Passage уже отправлен
2023/10/25 13:54:46 <nil> <nil>
2023/10/25 13:54:51 Passage уже отправлен
2023/10/25 13:54:51 <nil> <nil>
2023/10/25 13:54:55 

Получено новое сообщение: 
username -> spocksheldon
text -> /buy
chat_id -> 878749690
Конец

2023/10/25 13:54:56 Passage уже отправлен
2023/10/25 13:54:56 <nil> <nil>
2023/10/25 13:55:01 Passage уже отправлен
2023/10/25 13:55:01 <nil> <nil>
2023/10/25 13:55:06 Passage уже отправлен
2023/10/25 13:55:06 <nil> <nil>
2023/10/25 13:55:11 Passage уже отправлен
2023/10/25 13:55:11 <nil> <nil>
2023/10/25 13:55:16 

Получено новое сообщение: 
username -> spocksheldon
text -> /auth
chat_id -> 878749690
Конец

2023/10/25 13:55:16 При вызове Auth команда подьзователя: 
2023/10/25 13:55:16 &{ObjectID("6537665c56a1827d507566fe") Ira $2a$14$AcREBtu2Jy9aYyFKdOl0duZDmTpPt/kT9LJUiOD2kH2wwWPs14bVm  6537665c56a1827d507566fe {false false false false false} true {878749690}}
2023/10/25 13:55:16 Passage уже отправлен
2023/10/25 13:55:16 <nil> <nil>
2023/10/25 13:55:19 

Получено новое сообщение: 
username -> spocksheldon
text -> /buy
chat_id -> 878749690
Конец

2023/10/25 13:55:21 Passage уже отправлен
2023/10/25 13:55:21 <nil> <nil>
2023/10/25 13:55:26 Passage уже отправлен
2023/10/25 13:55:26 <nil> <nil>
2023/10/25 13:55:31 Passage уже отправлен
2023/10/25 13:55:31 <nil> <nil>
2023/10/25 13:55:36 Passage уже отправлен
2023/10/25 13:55:36 <nil> <nil>
2023/10/25 13:55:41 Passage уже отправлен
2023/10/25 13:55:41 <nil> <nil>
2023/10/25 13:55:46 Passage уже отправлен
2023/10/25 13:55:46 <nil> <nil>
2023/10/25 13:55:51 Passage уже отправлен
2023/10/25 13:55:51 <nil> <nil>
2023/10/25 13:55:56 Passage уже отправлен
2023/10/25 13:55:56 <nil> <nil>
2023/10/25 13:56:01 Passage уже отправлен
2023/10/25 13:56:01 <nil> <nil>
2023/10/25 13:56:06 Passage уже отправлен
2023/10/25 13:56:06 <nil> <nil>
2023/10/25 13:56:11 Passage уже отправлен
2023/10/25 13:56:11 <nil> <nil>
2023/10/25 13:56:16 Passage уже отправлен
2023/10/25 13:56:16 <nil> <nil>
2023/10/25 13:56:21 Passage уже отправлен
2023/10/25 13:56:21 <nil> <nil>
2023/10/25 13:56:26 Passage уже отправлен
2023/10/25 13:56:26 <nil> <nil>
2023/10/25 13:56:31 Passage уже отправлен
2023/10/25 13:56:31 <nil> <nil>
2023/10/25 13:56:36 Passage уже отправлен
2023/10/25 13:56:36 <nil> <nil>
2023/10/25 13:56:41 Passage уже отправлен
2023/10/25 13:56:41 <nil> <nil>
2023/10/25 13:56:46 Passage уже отправлен
2023/10/25 13:56:46 <nil> <nil>
2023/10/25 13:56:51 Passage уже отправлен
2023/10/25 13:56:51 <nil> <nil>
2023/10/25 13:56:56 Passage уже отправлен
2023/10/25 13:56:56 <nil> <nil>
2023/10/25 13:57:01 Passage уже отправлен
2023/10/25 13:57:01 <nil> <nil>
2023/10/25 13:57:06 Passage уже отправлен
2023/10/25 13:57:06 <nil> <nil>
2023/10/25 13:57:11 Passage уже отправлен
2023/10/25 13:57:11 <nil> <nil>
2023/10/25 13:57:16 Passage уже отправлен
2023/10/25 13:57:16 <nil> <nil>
2023/10/25 13:57:21 Passage уже отправлен
2023/10/25 13:57:21 <nil> <nil>
2023/10/25 13:57:26 Passage уже отправлен
2023/10/25 13:57:26 <nil> <nil>
2023/10/25 13:57:31 Passage уже отправлен
2023/10/25 13:57:31 <nil> <nil>
2023/10/25 13:57:36 Passage уже отправлен
2023/10/25 13:57:36 <nil> <nil>
2023/10/25 13:57:41 Passage уже отправлен
2023/10/25 13:57:41 <nil> <nil>
2023/10/25 13:57:46 Passage уже отправлен
2023/10/25 13:57:46 <nil> <nil>
2023/10/25 13:57:51 Passage уже отправлен
2023/10/25 13:57:51 <nil> <nil>
2023/10/25 13:57:56 Passage уже отправлен
2023/10/25 13:57:56 <nil> <nil>
2023/10/25 13:58:01 Passage уже отправлен
2023/10/25 13:58:01 <nil> <nil>
2023/10/25 13:58:06 Passage уже отправлен
2023/10/25 13:58:06 <nil> <nil>
2023/10/25 13:58:11 Passage уже отправлен
2023/10/25 13:58:11 <nil> <nil>
2023/10/25 13:58:16 Passage уже отправлен
2023/10/25 13:58:16 <nil> <nil>
2023/10/25 13:58:21 Passage уже отправлен
2023/10/25 13:58:21 <nil> <nil>
2023/10/25 13:58:26 Passage уже отправлен
2023/10/25 13:58:26 <nil> <nil>
2023/10/25 13:58:31 Passage уже отправлен
2023/10/25 13:58:31 <nil> <nil>
2023/10/25 13:58:36 Passage уже отправлен
2023/10/25 13:58:36 <nil> <nil>
2023/10/25 13:58:41 Passage уже отправлен
2023/10/25 13:58:41 <nil> <nil>
2023/10/25 13:58:46 Passage уже отправлен
2023/10/25 13:58:46 <nil> <nil>
2023/10/25 13:58:51 Passage уже отправлен
2023/10/25 13:58:51 <nil> <nil>
2023/10/25 13:58:56 Passage уже отправлен
2023/10/25 13:58:56 <nil> <nil>
2023/10/25 13:59:01 Passage уже отправлен
2023/10/25 13:59:01 <nil> <nil>
2023/10/25 13:59:06 Passage уже отправлен
2023/10/25 13:59:06 <nil> <nil>
2023/10/25 13:59:11 Passage уже отправлен
2023/10/25 13:59:11 <nil> <nil>
2023/10/25 13:59:16 Passage уже отправлен
2023/10/25 13:59:16 <nil> <nil>
2023/10/25 13:59:21 Passage уже отправлен
2023/10/25 13:59:21 <nil> <nil>
2023/10/25 13:59:26 Passage уже отправлен
2023/10/25 13:59:26 <nil> <nil>
2023/10/25 13:59:31 Passage уже отправлен
2023/10/25 13:59:31 <nil> <nil>
2023/10/25 13:59:36 Passage уже отправлен
2023/10/25 13:59:36 <nil> <nil>
2023/10/25 13:59:41 Passage уже отправлен
2023/10/25 13:59:41 <nil> <nil>
2023/10/25 13:59:46 Passage уже отправлен
2023/10/25 13:59:46 <nil> <nil>
2023/10/25 13:59:51 Passage уже отправлен
2023/10/25 13:59:51 <nil> <nil>
2023/10/25 13:59:56 Passage уже отправлен
2023/10/25 13:59:56 <nil> <nil>
2023/10/25 14:00:01 Passage уже отправлен
2023/10/25 14:00:01 <nil> <nil>
2023/10/25 14:00:06 Passage уже отправлен
2023/10/25 14:00:06 <nil> <nil>
2023/10/25 14:00:11 Passage уже отправлен
2023/10/25 14:00:11 <nil> <nil>
2023/10/25 14:00:16 Passage уже отправлен
2023/10/25 14:00:16 <nil> <nil>
2023/10/25 14:00:21 Passage уже отправлен
2023/10/25 14:00:21 <nil> <nil>
2023/10/25 14:00:26 Passage уже отправлен
2023/10/25 14:00:26 <nil> <nil>
2023/10/25 14:00:31 Passage уже отправлен
2023/10/25 14:00:31 <nil> <nil>
2023/10/25 14:00:36 Passage уже отправлен
2023/10/25 14:00:36 <nil> <nil>
2023/10/25 14:00:41 Passage уже отправлен
2023/10/25 14:00:41 <nil> <nil>
2023/10/25 14:00:46 Passage уже отправлен
2023/10/25 14:00:46 <nil> <nil>
2023/10/25 14:00:51 Passage уже отправлен
2023/10/25 14:00:51 <nil> <nil>
2023/10/25 14:00:56 Passage уже отправлен
2023/10/25 14:00:56 <nil> <nil>
2023/10/25 14:01:01 Passage уже отправлен
2023/10/25 14:01:01 <nil> <nil>
2023/10/25 14:01:06 Passage уже отправлен
2023/10/25 14:01:06 <nil> <nil>
2023/10/25 14:01:11 Passage уже отправлен
2023/10/25 14:01:11 <nil> <nil>
2023/10/25 14:01:16 Passage уже отправлен
2023/10/25 14:01:16 <nil> <nil>
2023/10/25 14:01:21 Passage уже отправлен
2023/10/25 14:01:21 <nil> <nil>
2023/10/25 14:01:26 Passage уже отправлен
2023/10/25 14:01:26 <nil> <nil>
2023/10/25 14:01:31 Passage уже отправлен
2023/10/25 14:01:31 <nil> <nil>
2023/10/25 14:01:36 Passage уже отправлен
2023/10/25 14:01:36 <nil> <nil>
2023/10/25 14:01:41 Passage уже отправлен
2023/10/25 14:01:41 <nil> <nil>
2023/10/25 14:01:46 Passage уже отправлен
2023/10/25 14:01:46 <nil> <nil>
2023/10/25 14:01:51 Passage уже отправлен
2023/10/25 14:01:51 <nil> <nil>
2023/10/25 14:01:56 Passage уже отправлен
2023/10/25 14:01:56 <nil> <nil>
2023/10/25 14:02:01 Passage уже отправлен
2023/10/25 14:02:01 <nil> <nil>
2023/10/25 14:02:06 Passage уже отправлен
2023/10/25 14:02:06 <nil> <nil>
2023/10/25 14:02:11 Passage уже отправлен
2023/10/25 14:02:11 <nil> <nil>
2023/10/25 14:02:16 Passage уже отправлен
2023/10/25 14:02:16 <nil> <nil>
2023/10/25 14:02:21 Passage уже отправлен
2023/10/25 14:02:21 <nil> <nil>
2023/10/25 14:02:26 Passage уже отправлен
2023/10/25 14:02:26 <nil> <nil>
2023/10/25 14:02:31 Passage уже отправлен
2023/10/25 14:02:31 <nil> <nil>
2023/10/25 14:02:36 Passage уже отправлен
2023/10/25 14:02:36 <nil> <nil>
2023/10/25 14:02:41 Passage уже отправлен
2023/10/25 14:02:41 <nil> <nil>
2023/10/25 14:02:46 Passage уже отправлен
2023/10/25 14:02:46 <nil> <nil>
2023/10/25 14:02:51 Passage уже отправлен
2023/10/25 14:02:51 <nil> <nil>
2023/10/25 14:02:56 Passage уже отправлен
2023/10/25 14:02:56 <nil> <nil>
2023/10/25 14:03:01 Passage уже отправлен
2023/10/25 14:03:01 <nil> <nil>
2023/10/25 14:03:06 Passage уже отправлен
2023/10/25 14:03:06 <nil> <nil>
2023/10/25 14:03:11 Passage уже отправлен
2023/10/25 14:03:11 <nil> <nil>
2023/10/25 14:03:16 Passage уже отправлен
2023/10/25 14:03:16 <nil> <nil>
2023/10/25 14:03:21 Passage уже отправлен
2023/10/25 14:03:21 <nil> <nil>
2023/10/25 14:03:26 Passage уже отправлен
2023/10/25 14:03:26 <nil> <nil>
2023/10/25 14:03:31 Passage уже отправлен
2023/10/25 14:03:31 <nil> <nil>
2023/10/25 14:03:36 Passage уже отправлен
2023/10/25 14:03:36 <nil> <nil>
2023/10/25 14:03:41 Passage уже отправлен
2023/10/25 14:03:41 <nil> <nil>
2023/10/25 14:03:46 Passage уже отправлен
2023/10/25 14:03:46 <nil> <nil>
2023/10/25 14:03:51 Passage уже отправлен
2023/10/25 14:03:51 <nil> <nil>
2023/10/25 14:03:56 Passage уже отправлен
2023/10/25 14:03:56 <nil> <nil>
2023/10/25 14:04:01 Passage уже отправлен
2023/10/25 14:04:01 <nil> <nil>
2023/10/25 14:04:06 Passage уже отправлен
2023/10/25 14:04:06 <nil> <nil>
2023/10/25 14:04:11 Passage уже отправлен
2023/10/25 14:04:11 <nil> <nil>
2023/10/25 14:04:16 Passage уже отправлен
2023/10/25 14:04:16 <nil> <nil>
2023/10/25 14:04:21 Passage уже отправлен
2023/10/25 14:04:21 <nil> <nil>
2023/10/25 14:04:26 Passage уже отправлен
2023/10/25 14:04:26 <nil> <nil>
2023/10/25 14:04:31 Passage уже отправлен
2023/10/25 14:04:31 <nil> <nil>
2023/10/25 14:04:36 Passage уже отправлен
2023/10/25 14:04:36 <nil> <nil>
2023/10/25 14:04:41 Passage уже отправлен
2023/10/25 14:04:41 <nil> <nil>
2023/10/25 14:04:46 Passage уже отправлен
2023/10/25 14:04:46 <nil> <nil>
2023/10/25 14:04:51 Passage уже отправлен
2023/10/25 14:04:51 <nil> <nil>
2023/10/25 14:04:56 Passage уже отправлен
2023/10/25 14:04:56 <nil> <nil>
2023/10/25 14:05:01 Passage уже отправлен
2023/10/25 14:05:01 <nil> <nil>
2023/10/25 14:05:06 Passage уже отправлен
2023/10/25 14:05:06 <nil> <nil>
2023/10/25 14:05:11 Passage уже отправлен
2023/10/25 14:05:11 <nil> <nil>
2023/10/25 14:05:16 Passage уже отправлен
2023/10/25 14:05:16 <nil> <nil>
2023/10/25 14:05:21 Passage уже отправлен
2023/10/25 14:05:21 <nil> <nil>
2023/10/25 14:05:26 Passage уже отправлен
2023/10/25 14:05:26 <nil> <nil>
2023/10/25 14:05:31 Passage уже отправлен
2023/10/25 14:05:31 <nil> <nil>
2023/10/25 14:05:36 Passage уже отправлен
2023/10/25 14:05:36 <nil> <nil>
2023/10/25 14:05:41 Passage уже отправлен
2023/10/25 14:05:41 <nil> <nil>
2023/10/25 14:05:46 Passage уже отправлен
2023/10/25 14:05:46 <nil> <nil>
2023/10/25 14:05:51 Passage уже отправлен
2023/10/25 14:05:51 <nil> <nil>
2023/10/25 14:05:56 Passage уже отправлен
2023/10/25 14:05:56 <nil> <nil>
2023/10/25 14:06:01 Passage уже отправлен
2023/10/25 14:06:01 <nil> <nil>
2023/10/25 14:06:06 Passage уже отправлен
2023/10/25 14:06:06 <nil> <nil>
2023/10/25 14:06:11 Passage уже отправлен
2023/10/25 14:06:11 <nil> <nil>
2023/10/25 14:06:16 Passage уже отправлен
2023/10/25 14:06:16 <nil> <nil>
2023/10/25 14:06:21 Passage уже отправлен
2023/10/25 14:06:21 <nil> <nil>
2023/10/25 14:06:26 Passage уже отправлен
2023/10/25 14:06:26 <nil> <nil>
2023/10/25 14:06:31 Passage уже отправлен
2023/10/25 14:06:31 <nil> <nil>
2023/10/25 14:06:36 Passage уже отправлен
2023/10/25 14:06:36 <nil> <nil>
2023/10/25 14:06:41 Passage уже отправлен
2023/10/25 14:06:41 <nil> <nil>
2023/10/25 14:06:46 Passage уже отправлен
2023/10/25 14:06:46 <nil> <nil>
2023/10/25 14:06:51 Passage уже отправлен
2023/10/25 14:06:51 <nil> <nil>
2023/10/25 14:06:56 Passage уже отправлен
2023/10/25 14:06:56 <nil> <nil>
2023/10/25 14:07:01 Passage уже отправлен
2023/10/25 14:07:01 <nil> <nil>
2023/10/25 14:07:06 Passage уже отправлен
2023/10/25 14:07:06 <nil> <nil>
2023/10/25 14:07:11 Passage уже отправлен
2023/10/25 14:07:11 <nil> <nil>
2023/10/25 14:07:16 Passage уже отправлен
2023/10/25 14:07:16 <nil> <nil>
2023/10/25 14:07:21 Passage уже отправлен
2023/10/25 14:07:21 <nil> <nil>
2023/10/25 14:07:26 Passage уже отправлен
2023/10/25 14:07:26 <nil> <nil>
2023/10/25 14:07:31 Passage уже отправлен
2023/10/25 14:07:31 <nil> <nil>
2023/10/25 14:07:36 Passage уже отправлен
2023/10/25 14:07:36 <nil> <nil>
2023/10/25 14:07:41 Passage уже отправлен
2023/10/25 14:07:41 <nil> <nil>
2023/10/25 14:07:46 Passage уже отправлен
2023/10/25 14:07:46 <nil> <nil>
2023/10/25 14:07:51 Passage уже отправлен
2023/10/25 14:07:51 <nil> <nil>
2023/10/25 14:07:56 Passage уже отправлен
2023/10/25 14:07:56 <nil> <nil>
2023/10/25 14:08:01 Passage уже отправлен
2023/10/25 14:08:01 <nil> <nil>
2023/10/25 14:08:06 Passage уже отправлен
2023/10/25 14:08:06 <nil> <nil>
2023/10/25 14:08:11 Passage уже отправлен
2023/10/25 14:08:11 <nil> <nil>
2023/10/25 14:08:16 Passage уже отправлен
2023/10/25 14:08:16 <nil> <nil>
2023/10/25 14:08:21 Passage уже отправлен
2023/10/25 14:08:21 <nil> <nil>
2023/10/25 14:08:26 Passage уже отправлен
2023/10/25 14:08:26 <nil> <nil>
2023/10/25 14:08:31 Passage уже отправлен
2023/10/25 14:08:31 <nil> <nil>
2023/10/25 14:08:36 Passage уже отправлен
2023/10/25 14:08:36 <nil> <nil>
2023/10/25 14:08:41 Passage уже отправлен
2023/10/25 14:08:41 <nil> <nil>
2023/10/25 14:08:46 Passage уже отправлен
2023/10/25 14:08:46 <nil> <nil>
2023/10/25 14:08:51 Passage уже отправлен
2023/10/25 14:08:51 <nil> <nil>
2023/10/25 14:08:56 Passage уже отправлен
2023/10/25 14:08:56 <nil> <nil>
2023/10/25 14:09:01 Passage уже отправлен
2023/10/25 14:09:01 <nil> <nil>
2023/10/25 14:09:06 Passage уже отправлен
2023/10/25 14:09:06 <nil> <nil>
2023/10/25 14:09:11 Passage уже отправлен
2023/10/25 14:09:11 <nil> <nil>
2023/10/25 14:09:16 Passage уже отправлен
2023/10/25 14:09:16 <nil> <nil>
2023/10/25 14:09:21 Passage уже отправлен
2023/10/25 14:09:21 <nil> <nil>
2023/10/25 14:09:26 Passage уже отправлен
2023/10/25 14:09:26 <nil> <nil>
2023/10/25 14:09:31 Passage уже отправлен
2023/10/25 14:09:31 <nil> <nil>
2023/10/25 14:09:36 Passage уже отправлен
2023/10/25 14:09:36 <nil> <nil>
2023/10/25 14:09:41 Passage уже отправлен
2023/10/25 14:09:41 <nil> <nil>
2023/10/25 14:09:46 Passage уже отправлен
2023/10/25 14:09:46 <nil> <nil>
2023/10/25 14:09:51 Passage уже отправлен
2023/10/25 14:09:51 <nil> <nil>
2023/10/25 14:09:56 Passage уже отправлен
2023/10/25 14:09:56 <nil> <nil>
2023/10/25 14:10:01 Passage уже отправлен
2023/10/25 14:10:01 <nil> <nil>
2023/10/25 14:10:06 Passage уже отправлен
2023/10/25 14:10:06 <nil> <nil>
2023/10/25 14:10:11 Passage уже отправлен
2023/10/25 14:10:11 <nil> <nil>
2023/10/25 14:10:16 Passage уже отправлен
2023/10/25 14:10:16 <nil> <nil>
2023/10/25 14:10:21 Passage уже отправлен
2023/10/25 14:10:21 <nil> <nil>
2023/10/25 14:10:26 Passage уже отправлен
2023/10/25 14:10:26 <nil> <nil>
2023/10/25 14:10:31 Passage уже отправлен
2023/10/25 14:10:31 <nil> <nil>
2023/10/25 14:10:36 Passage уже отправлен
2023/10/25 14:10:36 <nil> <nil>
2023/10/25 14:10:41 Passage уже отправлен
2023/10/25 14:10:41 <nil> <nil>
2023/10/25 14:10:46 Passage уже отправлен
2023/10/25 14:10:46 <nil> <nil>
2023/10/25 14:10:51 Passage уже отправлен
2023/10/25 14:10:51 <nil> <nil>
2023/10/25 14:10:56 Passage уже отправлен
2023/10/25 14:10:56 <nil> <nil>
2023/10/25 14:11:01 Passage уже отправлен
2023/10/25 14:11:01 <nil> <nil>
2023/10/25 14:11:06 Passage уже отправлен
2023/10/25 14:11:06 <nil> <nil>
2023/10/25 14:11:11 Passage уже отправлен
2023/10/25 14:11:11 <nil> <nil>
2023/10/25 14:11:16 Passage уже отправлен
2023/10/25 14:11:16 <nil> <nil>
2023/10/25 14:11:21 Passage уже отправлен
2023/10/25 14:11:21 <nil> <nil>
2023/10/25 14:11:26 Passage уже отправлен
2023/10/25 14:11:26 <nil> <nil>
2023/10/25 14:11:31 Passage уже отправлен
2023/10/25 14:11:31 <nil> <nil>
2023/10/25 14:11:36 Passage уже отправлен
2023/10/25 14:11:36 <nil> <nil>
2023/10/25 14:11:41 Passage уже отправлен
2023/10/25 14:11:41 <nil> <nil>
2023/10/25 14:11:46 Passage уже отправлен
2023/10/25 14:11:46 <nil> <nil>
2023/10/25 14:11:51 Passage уже отправлен
2023/10/25 14:11:51 <nil> <nil>
2023/10/25 14:11:56 Passage уже отправлен
2023/10/25 14:11:56 <nil> <nil>
2023/10/25 14:12:01 Passage уже отправлен
2023/10/25 14:12:01 <nil> <nil>
2023/10/25 14:12:06 Passage уже отправлен
2023/10/25 14:12:06 <nil> <nil>
2023/10/25 14:12:11 Passage уже отправлен
2023/10/25 14:12:11 <nil> <nil>
2023/10/25 14:12:16 Passage уже отправлен
2023/10/25 14:12:16 <nil> <nil>
2023/10/25 14:12:21 Passage уже отправлен
2023/10/25 14:12:21 <nil> <nil>
2023/10/25 14:12:26 Passage уже отправлен
2023/10/25 14:12:26 <nil> <nil>
2023/10/25 14:12:31 Passage уже отправлен
2023/10/25 14:12:31 <nil> <nil>
2023/10/25 14:12:36 Passage уже отправлен
2023/10/25 14:12:36 <nil> <nil>
2023/10/25 14:12:41 Passage уже отправлен
2023/10/25 14:12:41 <nil> <nil>
2023/10/25 14:12:46 Passage уже отправлен
2023/10/25 14:12:46 <nil> <nil>
2023/10/25 14:12:51 Passage уже отправлен
2023/10/25 14:12:51 <nil> <nil>
2023/10/25 14:12:56 Passage уже отправлен
2023/10/25 14:12:56 <nil> <nil>
2023/10/25 14:13:01 Passage уже отправлен
2023/10/25 14:13:01 <nil> <nil>
2023/10/25 14:13:06 Passage уже отправлен
2023/10/25 14:13:06 <nil> <nil>
2023/10/25 14:13:11 Passage уже отправлен
2023/10/25 14:13:11 <nil> <nil>
2023/10/25 14:13:16 Passage уже отправлен
2023/10/25 14:13:16 <nil> <nil>
2023/10/25 14:13:21 Passage уже отправлен
2023/10/25 14:13:21 <nil> <nil>
2023/10/25 14:13:26 Passage уже отправлен
2023/10/25 14:13:26 <nil> <nil>
2023/10/25 14:13:31 Passage уже отправлен
2023/10/25 14:13:31 <nil> <nil>
2023/10/25 14:13:36 Passage уже отправлен
2023/10/25 14:13:36 <nil> <nil>
2023/10/25 14:13:41 Passage уже отправлен
2023/10/25 14:13:41 <nil> <nil>
2023/10/25 14:13:46 Passage уже отправлен
2023/10/25 14:13:46 <nil> <nil>
2023/10/25 14:13:51 Passage уже отправлен
2023/10/25 14:13:51 <nil> <nil>
2023/10/25 14:13:56 Passage уже отправлен
2023/10/25 14:13:56 <nil> <nil>
2023/10/25 14:14:01 Passage уже отправлен
2023/10/25 14:14:01 <nil> <nil>
2023/10/25 14:14:06 Passage уже отправлен
2023/10/25 14:14:06 <nil> <nil>
2023/10/25 14:14:11 Passage уже отправлен
2023/10/25 14:14:11 <nil> <nil>
2023/10/25 14:14:16 Passage уже отправлен
2023/10/25 14:14:16 <nil> <nil>
2023/10/25 14:14:21 Passage уже отправлен
2023/10/25 14:14:21 <nil> <nil>
2023/10/25 14:14:26 Passage уже отправлен
2023/10/25 14:14:26 <nil> <nil>
2023/10/25 14:14:31 Passage уже отправлен
2023/10/25 14:14:31 <nil> <nil>
2023/10/25 14:14:36 Passage уже отправлен
2023/10/25 14:14:36 <nil> <nil>
2023/10/25 14:14:41 Passage уже отправлен
2023/10/25 14:14:41 <nil> <nil>
2023/10/25 14:14:46 Passage уже отправлен
2023/10/25 14:14:46 <nil> <nil>
2023/10/25 14:14:51 Passage уже отправлен
2023/10/25 14:14:51 <nil> <nil>
2023/10/25 14:14:56 Passage уже отправлен
2023/10/25 14:14:56 <nil> <nil>
2023/10/25 14:15:01 Passage уже отправлен
2023/10/25 14:15:01 <nil> <nil>
2023/10/25 14:15:06 Passage уже отправлен
2023/10/25 14:15:06 <nil> <nil>
2023/10/25 14:15:11 Passage уже отправлен
2023/10/25 14:15:11 <nil> <nil>
2023/10/25 14:15:16 Passage уже отправлен
2023/10/25 14:15:16 <nil> <nil>
2023/10/25 14:15:21 Passage уже отправлен
2023/10/25 14:15:21 <nil> <nil>
2023/10/25 14:15:26 Passage уже отправлен
2023/10/25 14:15:26 <nil> <nil>
2023/10/25 14:15:31 Passage уже отправлен
2023/10/25 14:15:31 <nil> <nil>
2023/10/25 14:15:36 Passage уже отправлен
2023/10/25 14:15:36 <nil> <nil>
2023/10/25 14:15:41 Passage уже отправлен
2023/10/25 14:15:41 <nil> <nil>
2023/10/25 14:15:46 Passage уже отправлен
2023/10/25 14:15:46 <nil> <nil>
2023/10/25 14:15:51 Passage уже отправлен
2023/10/25 14:15:51 <nil> <nil>
2023/10/25 14:15:56 Passage уже отправлен
2023/10/25 14:15:56 <nil> <nil>
2023/10/25 14:16:01 Passage уже отправлен
2023/10/25 14:16:01 <nil> <nil>
2023/10/25 14:16:06 Passage уже отправлен
2023/10/25 14:16:06 <nil> <nil>
2023/10/25 14:16:11 Passage уже отправлен
2023/10/25 14:16:11 <nil> <nil>
2023/10/25 14:16:16 Passage уже отправлен
2023/10/25 14:16:16 <nil> <nil>
2023/10/25 14:16:21 Passage уже отправлен
2023/10/25 14:16:21 <nil> <nil>
2023/10/25 14:16:26 Passage уже отправлен
2023/10/25 14:16:26 <nil> <nil>
2023/10/25 14:16:31 Passage уже отправлен
2023/10/25 14:16:31 <nil> <nil>
2023/10/25 14:16:36 Passage уже отправлен
2023/10/25 14:16:36 <nil> <nil>
2023/10/25 14:16:41 Passage уже отправлен
2023/10/25 14:16:41 <nil> <nil>
2023/10/25 14:16:46 Passage уже отправлен
2023/10/25 14:16:46 <nil> <nil>
2023/10/25 14:16:51 Passage уже отправлен
2023/10/25 14:16:51 <nil> <nil>
2023/10/25 14:16:56 Passage уже отправлен
2023/10/25 14:16:56 <nil> <nil>
2023/10/25 14:17:01 Passage уже отправлен
2023/10/25 14:17:01 <nil> <nil>
2023/10/25 14:17:06 Passage уже отправлен
2023/10/25 14:17:06 <nil> <nil>
2023/10/25 14:17:11 Passage уже отправлен
2023/10/25 14:17:11 <nil> <nil>
2023/10/25 14:17:16 Passage уже отправлен
2023/10/25 14:17:16 <nil> <nil>
2023/10/25 14:17:21 Passage уже отправлен
2023/10/25 14:17:21 <nil> <nil>
2023/10/25 14:17:26 Passage уже отправлен
2023/10/25 14:17:26 <nil> <nil>
2023/10/25 14:17:31 Passage уже отправлен
2023/10/25 14:17:31 <nil> <nil>
2023/10/25 14:17:37 This is a log message
2023/10/25 14:17:37 Authorized on account pars_snake_bot
2023/10/25 14:17:37 Passage уже отправлен
2023/10/25 14:17:37 <nil> <nil>
2023/10/25 14:17:42 Passage уже отправлен
2023/10/25 14:17:42 <nil> <nil>
2023/10/25 14:17:47 Passage уже отправлен
2023/10/25 14:17:47 <nil> <nil>
2023/10/25 14:17:52 Passage уже отправлен
2023/10/25 14:17:52 <nil> <nil>
2023/10/25 14:17:57 Passage уже отправлен
2023/10/25 14:17:57 <nil> <nil>
2023/10/25 14:18:02 Passage уже отправлен
2023/10/25 14:18:02 <nil> <nil>
2023/10/25 14:18:07 Passage уже отправлен
2023/10/25 14:18:07 <nil> <nil>
2023/10/25 14:18:11 

Получено новое сообщение: 
username -> spocksheldon
text -> /start
chat_id -> 878749690
Конец

2023/10/25 14:18:11 {878749690}
2023/10/25 14:18:11 Пользователю с id: 878749690 присовоена новая команда -> start
2023/10/25 14:18:12 Passage уже отправлен
2023/10/25 14:18:12 <nil> <nil>
2023/10/25 14:18:17 Passage уже отправлен
2023/10/25 14:18:17 <nil> <nil>
2023/10/25 14:18:57 This is a log message
2023/10/25 14:18:57 Authorized on account pars_snake_bot
2023/10/25 14:18:57 Passage уже отправлен
2023/10/25 14:18:57 <nil> <nil>
2023/10/25 14:19:01 

Получено новое сообщение: 
username -> spocksheldon
text -> /start
chat_id -> 878749690
Конец

2023/10/25 14:19:01 {878749690}
2023/10/25 14:19:01 Пользователю с id: 878749690 присовоена новая команда -> start
2023/10/25 14:19:02 Passage уже отправлен
2023/10/25 14:19:02 <nil> <nil>
2023/10/25 14:19:07 Passage уже отправлен
2023/10/25 14:19:07 <nil> <nil>
2023/10/25 14:19:08 

Получено новое сообщение: 
username -> spocksheldon
text -> fddf
chat_id -> 878749690
Конец

2023/10/25 14:19:08 Значение в контексте пользователя при выполнении командв старт: start
2023/10/25 14:19:08 Команда пользователя до изменений: start
2023/10/25 14:19:08 Пользователю с id: 878749690 присовоена новая команда -> reset_login
2023/10/25 14:19:08 new command: reset_login
2023/10/25 14:19:11 

Получено новое сообщение: 
username -> spocksheldon
text -> fddfdf
chat_id -> 878749690
Конец

2023/10/25 14:19:11 Значение в контексте пользователя при выполнении командв старт: reset_login
2023/10/25 14:19:11 Команда пользователя до изменений: reset_login
2023/10/25 14:19:11 Пользователю с id: 878749690 присовоена новая команда -> reset_login
2023/10/25 14:19:11 new command: reset_login
2023/10/25 14:19:12 Passage уже отправлен
2023/10/25 14:19:12 <nil> <nil>
2023/10/25 14:19:13 

Получено новое сообщение: 
username -> spocksheldon
text -> Кнопка 1
chat_id -> 878749690
Конец

2023/10/25 14:19:13 Значение в контексте пользователя при выполнении командв старт: reset_login
2023/10/25 14:19:14 Пользователю с id: 878749690 присовоена новая команда -> nil
2023/10/25 14:19:14 После выполнения команды старт, у пользователя установлена команда: nil
2023/10/25 14:19:16 

Получено новое сообщение: 
username -> spocksheldon
text -> Кнопка 2
chat_id -> 878749690
Конец

2023/10/25 14:19:17 Passage уже отправлен
2023/10/25 14:19:17 <nil> <nil>
2023/10/25 14:19:22 Passage уже отправлен
2023/10/25 14:19:22 <nil> <nil>
2023/10/25 14:19:27 Passage уже отправлен
2023/10/25 14:19:27 <nil> <nil>
2023/10/25 14:19:29 

Получено новое сообщение: 
username -> spocksheldon
text -> sdfsf
chat_id -> 878749690
Конец

2023/10/25 14:19:31 

Получено новое сообщение: 
username -> spocksheldon
text -> Кнопка 2
chat_id -> 878749690
Конец

2023/10/25 14:19:32 Passage уже отправлен
2023/10/25 14:19:32 <nil> <nil>
2023/10/25 14:19:33 

Получено новое сообщение: 
username -> spocksheldon
text -> Кнопка 1
chat_id -> 878749690
Конец

2023/10/25 14:19:34 

Получено новое сообщение: 
username -> spocksheldon
text -> Кнопка 2
chat_id -> 878749690
Конец

2023/10/25 14:19:35 

Получено новое сообщение: 
username -> spocksheldon
text -> Кнопка 1
chat_id -> 878749690
Конец

2023/10/25 14:19:36 

Получено новое сообщение: 
username -> spocksheldon
text -> Кнопка 2
chat_id -> 878749690
Конец

2023/10/25 14:19:37 

Получено новое сообщение: 
username -> spocksheldon
text -> Кнопка 1
chat_id -> 878749690
Конец

2023/10/25 14:19:37 Passage уже отправлен
2023/10/25 14:19:37 <nil> <nil>
2023/10/25 14:19:38 

Получено новое сообщение: 
username -> spocksheldon
text -> Кнопка 2
chat_id -> 878749690
Конец

2023/10/25 14:19:39 

Получено новое сообщение: 
username -> spocksheldon
text -> Кнопка 1
chat_id -> 878749690
Конец

2023/10/25 14:19:42 Passage уже отправлен
2023/10/25 14:19:42 <nil> <nil>
2023/10/25 14:19:47 Passage уже отправлен
2023/10/25 14:19:47 <nil> <nil>
2023/10/25 14:19:52 Passage уже отправлен
2023/10/25 14:19:52 <nil> <nil>
2023/10/25 14:19:57 

Получено новое сообщение: 
username -> spocksheldon
text -> /start
chat_id -> 878749690
Конец

2023/10/25 14:19:57 {878749690}
2023/10/25 14:19:57 Passage уже отправлен
2023/10/25 14:19:57 <nil> <nil>
2023/10/25 14:19:57 Пользователю с id: 878749690 присовоена новая команда -> start
2023/10/25 14:20:02 Passage уже отправлен
2023/10/25 14:20:02 <nil> <nil>
2023/10/25 14:20:07 Passage уже отправлен
2023/10/25 14:20:07 <nil> <nil>
2023/10/25 14:20:12 Passage уже отправлен
2023/10/25 14:20:12 <nil> <nil>
2023/10/25 14:20:17 Passage уже отправлен
2023/10/25 14:20:17 <nil> <nil>
2023/10/25 14:20:22 Passage уже отправлен
2023/10/25 14:20:22 <nil> <nil>
2023/10/25 14:20:27 Passage уже отправлен
2023/10/25 14:20:27 <nil> <nil>
2023/10/25 14:20:32 Passage уже отправлен
2023/10/25 14:20:32 <nil> <nil>
2023/10/25 14:20:37 Passage уже отправлен
2023/10/25 14:20:37 <nil> <nil>
2023/10/25 14:20:42 Passage уже отправлен
2023/10/25 14:20:42 <nil> <nil>
2023/10/25 14:20:47 Passage уже отправлен
2023/10/25 14:20:47 <nil> <nil>
2023/10/25 14:20:52 Passage уже отправлен
2023/10/25 14:20:52 <nil> <nil>
2023/10/25 14:20:57 Passage уже отправлен
2023/10/25 14:20:57 <nil> <nil>
2023/10/25 14:21:02 Passage уже отправлен
2023/10/25 14:21:02 <nil> <nil>
2023/10/25 14:21:07 Passage уже отправлен
2023/10/25 14:21:07 <nil> <nil>
2023/10/25 14:21:12 Passage уже отправлен
2023/10/25 14:21:12 <nil> <nil>
2023/10/25 14:21:17 Passage уже отправлен
2023/10/25 14:21:17 <nil> <nil>
2023/10/25 14:21:22 Passage уже отправлен
2023/10/25 14:21:22 <nil> <nil>
2023/10/25 14:21:27 Passage уже отправлен
2023/10/25 14:21:27 <nil> <nil>
2023/10/25 14:21:32 Passage уже отправлен
2023/10/25 14:21:32 <nil> <nil>
2023/10/25 14:21:37 Passage уже отправлен
2023/10/25 14:21:37 <nil> <nil>
2023/10/25 14:21:42 Passage уже отправлен
2023/10/25 14:21:42 <nil> <nil>
2023/10/25 14:21:47 Passage уже отправлен
2023/10/25 14:21:47 <nil> <nil>
2023/10/25 14:21:52 Passage уже отправлен
2023/10/25 14:21:52 <nil> <nil>
2023/10/25 14:21:57 Passage уже отправлен
2023/10/25 14:21:57 <nil> <nil>
2023/10/25 14:22:02 Passage уже отправлен
2023/10/25 14:22:02 <nil> <nil>
2023/10/25 14:22:07 Passage уже отправлен
2023/10/25 14:22:07 <nil> <nil>
2023/10/25 14:22:12 Passage уже отправлен
2023/10/25 14:22:12 <nil> <nil>
2023/10/25 14:22:17 Passage уже отправлен
2023/10/25 14:22:17 <nil> <nil>
2023/10/25 14:22:22 Passage уже отправлен
2023/10/25 14:22:22 <nil> <nil>
2023/10/25 14:22:27 Passage уже отправлен
2023/10/25 14:22:27 <nil> <nil>
2023/10/25 14:22:32 Passage уже отправлен
2023/10/25 14:22:32 <nil> <nil>
2023/10/25 14:22:37 Passage уже отправлен
2023/10/25 14:22:37 <nil> <nil>
2023/10/25 14:22:42 Passage уже отправлен
2023/10/25 14:22:42 <nil> <nil>
2023/10/25 14:22:47 Passage уже отправлен
2023/10/25 14:22:47 <nil> <nil>
2023/10/25 14:22:52 Passage уже отправлен
2023/10/25 14:22:52 <nil> <nil>
2023/10/25 14:22:57 Passage уже отправлен
2023/10/25 14:22:57 <nil> <nil>
2023/10/25 14:23:02 Passage уже отправлен
2023/10/25 14:23:02 <nil> <nil>
2023/10/25 14:23:07 Passage уже отправлен
2023/10/25 14:23:07 <nil> <nil>
2023/10/25 14:23:12 Passage уже отправлен
2023/10/25 14:23:12 <nil> <nil>
2023/10/25 14:23:17 Passage уже отправлен
2023/10/25 14:23:17 <nil> <nil>
2023/10/25 14:23:22 Passage уже отправлен
2023/10/25 14:23:22 <nil> <nil>
2023/10/25 14:23:27 This is a log message
2023/10/25 14:23:27 Authorized on account pars_snake_bot
2023/10/25 14:23:27 Passage уже отправлен
2023/10/25 14:23:27 <nil> <nil>
2023/10/25 14:23:31 

Получено новое сообщение: 
username -> spocksheldon
text -> /start
chat_id -> 878749690
Конец

2023/10/25 14:23:31 {878749690}
2023/10/25 14:23:31 Пользователю с id: 878749690 присовоена новая команда -> start
2023/10/25 14:23:32 Passage уже отправлен
2023/10/25 14:23:32 <nil> <nil>
2023/10/25 14:23:33 

Получено новое сообщение: 
username -> spocksheldon
text -> /auth
chat_id -> 878749690
Конец

2023/10/25 14:23:33 При вызове Auth команда подьзователя: start
2023/10/25 14:23:33 &{ObjectID("6537665c56a1827d507566fe") Ira $2a$14$AcREBtu2Jy9aYyFKdOl0duZDmTpPt/kT9LJUiOD2kH2wwWPs14bVm  6537665c56a1827d507566fe {false false false false false} true {878749690}}
2023/10/25 14:23:34 

Получено новое сообщение: 
username -> spocksheldon
text -> /buy
chat_id -> 878749690
Конец

2023/10/25 14:23:37 Passage уже отправлен
2023/10/25 14:23:37 <nil> <nil>
2023/10/25 14:28:39 This is a log message
2023/10/25 14:28:39 Authorized on account pars_snake_bot
2023/10/25 14:28:39 Passage уже отправлен
2023/10/25 14:28:39 <nil> <nil>
2023/10/25 14:28:39 

Получено новое сообщение: 
username -> spocksheldon
text -> /start
chat_id -> 878749690
Конец

2023/10/25 14:28:39 {878749690}
2023/10/25 14:28:39 Пользователю с id: 878749690 присовоена новая команда -> start
2023/10/25 14:28:44 Passage уже отправлен
2023/10/25 14:28:44 <nil> <nil>
2023/10/25 14:28:49 Passage уже отправлен
2023/10/25 14:28:49 <nil> <nil>
2023/10/25 14:28:54 Passage уже отправлен
2023/10/25 14:28:54 <nil> <nil>
2023/10/25 14:33:56 This is a log message
2023/10/25 14:33:57 Authorized on account pars_snake_bot
2023/10/25 14:33:57 Passage уже отправлен
2023/10/25 14:33:57 <nil> <nil>
2023/10/25 14:34:02 Passage уже отправлен
2023/10/25 14:34:02 <nil> <nil>
2023/10/25 14:34:07 Passage уже отправлен
2023/10/25 14:34:07 <nil> <nil>
2023/10/25 14:34:09 

Получено новое сообщение: 
username -> spocksheldon
text -> /start
chat_id -> 878749690
Конец

2023/10/25 14:34:09 {878749690}
2023/10/25 14:34:09 Пользователю с id: 878749690 присовоена новая команда -> start
2023/10/25 14:34:11 

Получено новое сообщение: 
username -> spocksheldon
text -> /auth
chat_id -> 878749690
Конец

2023/10/25 14:34:11 При вызове Auth команда подьзователя: start
2023/10/25 14:34:11 &{ObjectID("6537665c56a1827d507566fe") Ira $2a$14$AcREBtu2Jy9aYyFKdOl0duZDmTpPt/kT9LJUiOD2kH2wwWPs14bVm  6537665c56a1827d507566fe {false false false false false} true {878749690}}
2023/10/25 14:34:12 Passage уже отправлен
2023/10/25 14:34:12 <nil> <nil>
2023/10/25 14:34:15 

Получено новое сообщение: 
username -> spocksheldon
text -> /buy
chat_id -> 878749690
Конец

2023/10/25 14:34:16 

Получено новое сообщение: 
username -> spocksheldon
text -> /buy
chat_id -> 878749690
Конец

2023/10/25 14:34:17 Passage уже отправлен
2023/10/25 14:34:17 <nil> <nil>
2023/10/25 14:34:17 

Получено новое сообщение: 
username -> spocksheldon
text -> /auth
chat_id -> 878749690
Конец

2023/10/25 14:34:17 При вызове Auth команда подьзователя: start
2023/10/25 14:34:17 &{ObjectID("6537665c56a1827d507566fe") Ira $2a$14$AcREBtu2Jy9aYyFKdOl0duZDmTpPt/kT9LJUiOD2kH2wwWPs14bVm  6537665c56a1827d507566fe {false false false false false} true {878749690}}
2023/10/25 14:34:18 

Получено новое сообщение: 
username -> spocksheldon
text -> /buy
chat_id -> 878749690
Конец

2023/10/25 14:34:19 

Получено новое сообщение: 
username -> spocksheldon
text -> /auth
chat_id -> 878749690
Конец

2023/10/25 14:34:19 При вызове Auth команда подьзователя: start
2023/10/25 14:34:19 &{ObjectID("6537665c56a1827d507566fe") Ira $2a$14$AcREBtu2Jy9aYyFKdOl0duZDmTpPt/kT9LJUiOD2kH2wwWPs14bVm  6537665c56a1827d507566fe {false false false false false} true {878749690}}
2023/10/25 14:34:20 

Получено новое сообщение: 
username -> spocksheldon
text -> /buy
chat_id -> 878749690
Конец

2023/10/25 14:34:21 

Получено новое сообщение: 
username -> spocksheldon
text -> /auth
chat_id -> 878749690
Конец

2023/10/25 14:34:21 При вызове Auth команда подьзователя: start
2023/10/25 14:34:21 &{ObjectID("6537665c56a1827d507566fe") Ira $2a$14$AcREBtu2Jy9aYyFKdOl0duZDmTpPt/kT9LJUiOD2kH2wwWPs14bVm  6537665c56a1827d507566fe {false false false false false} true {878749690}}
2023/10/25 14:34:22 Passage уже отправлен
2023/10/25 14:34:22 <nil> <nil>
2023/10/25 14:34:22 

Получено новое сообщение: 
username -> spocksheldon
text -> /buy
chat_id -> 878749690
Конец

2023/10/25 14:34:23 

Получено новое сообщение: 
username -> spocksheldon
text -> /auth
chat_id -> 878749690
Конец

2023/10/25 14:34:23 При вызове Auth команда подьзователя: start
2023/10/25 14:34:23 &{ObjectID("6537665c56a1827d507566fe") Ira $2a$14$AcREBtu2Jy9aYyFKdOl0duZDmTpPt/kT9LJUiOD2kH2wwWPs14bVm  6537665c56a1827d507566fe {false false false false false} true {878749690}}
2023/10/25 14:34:24 

Получено новое сообщение: 
username -> spocksheldon
text -> /buy
chat_id -> 878749690
Конец

2023/10/25 14:34:25 

Получено новое сообщение: 
username -> spocksheldon
text -> /auth
chat_id -> 878749690
Конец

2023/10/25 14:34:25 При вызове Auth команда подьзователя: start
2023/10/25 14:34:25 &{ObjectID("6537665c56a1827d507566fe") Ira $2a$14$AcREBtu2Jy9aYyFKdOl0duZDmTpPt/kT9LJUiOD2kH2wwWPs14bVm  6537665c56a1827d507566fe {false false false false false} true {878749690}}
2023/10/25 14:34:26 

Получено новое сообщение: 
username -> spocksheldon
text -> /buy
chat_id -> 878749690
Конец

2023/10/25 14:34:27 Passage уже отправлен
2023/10/25 14:34:27 <nil> <nil>
2023/10/25 14:34:27 

Получено новое сообщение: 
username -> spocksheldon
text -> /auth
chat_id -> 878749690
Конец

2023/10/25 14:34:27 При вызове Auth команда подьзователя: start
2023/10/25 14:34:27 &{ObjectID("6537665c56a1827d507566fe") Ira $2a$14$AcREBtu2Jy9aYyFKdOl0duZDmTpPt/kT9LJUiOD2kH2wwWPs14bVm  6537665c56a1827d507566fe {false false false false false} true {878749690}}
2023/10/25 14:34:28 

Получено новое сообщение: 
username -> spocksheldon
text -> /buy
chat_id -> 878749690
Конец

2023/10/25 14:34:29 

Получено новое сообщение: 
username -> spocksheldon
text -> /auth
chat_id -> 878749690
Конец

2023/10/25 14:34:29 При вызове Auth команда подьзователя: start
2023/10/25 14:34:29 &{ObjectID("6537665c56a1827d507566fe") Ira $2a$14$AcREBtu2Jy9aYyFKdOl0duZDmTpPt/kT9LJUiOD2kH2wwWPs14bVm  6537665c56a1827d507566fe {false false false false false} true {878749690}}
2023/10/25 14:34:30 

Получено новое сообщение: 
username -> spocksheldon
text -> /buy
chat_id -> 878749690
Конец

2023/10/25 14:34:31 

Получено новое сообщение: 
username -> spocksheldon
text -> /buy
chat_id -> 878749690
Конец

2023/10/25 14:34:32 Passage уже отправлен
2023/10/25 14:34:32 <nil> <nil>
2023/10/25 14:34:32 

Получено новое сообщение: 
username -> spocksheldon
text -> /auth
chat_id -> 878749690
Конец

2023/10/25 14:34:32 При вызове Auth команда подьзователя: start
2023/10/25 14:34:32 &{ObjectID("6537665c56a1827d507566fe") Ira $2a$14$AcREBtu2Jy9aYyFKdOl0duZDmTpPt/kT9LJUiOD2kH2wwWPs14bVm  6537665c56a1827d507566fe {false false false false false} true {878749690}}
2023/10/25 14:34:33 

Получено новое сообщение: 
username -> spocksheldon
text -> /auth
chat_id -> 878749690
Конец

2023/10/25 14:34:33 При вызове Auth команда подьзователя: start
2023/10/25 14:34:33 &{ObjectID("6537665c56a1827d507566fe") Ira $2a$14$AcREBtu2Jy9aYyFKdOl0duZDmTpPt/kT9LJUiOD2kH2wwWPs14bVm  6537665c56a1827d507566fe {false false false false false} true {878749690}}
2023/10/25 14:34:34 

Получено новое сообщение: 
username -> spocksheldon
text -> /buy
chat_id -> 878749690
Конец

2023/10/25 14:34:35 

Получено новое сообщение: 
username -> spocksheldon
text -> /buy
chat_id -> 878749690
Конец

2023/10/25 14:34:36 

Получено новое сообщение: 
username -> spocksheldon
text -> /auth
chat_id -> 878749690
Конец

2023/10/25 14:34:36 При вызове Auth команда подьзователя: start
2023/10/25 14:34:36 &{ObjectID("6537665c56a1827d507566fe") Ira $2a$14$AcREBtu2Jy9aYyFKdOl0duZDmTpPt/kT9LJUiOD2kH2wwWPs14bVm  6537665c56a1827d507566fe {false false false false false} true {878749690}}
2023/10/25 14:34:37 Passage уже отправлен
2023/10/25 14:34:37 <nil> <nil>
2023/10/25 14:34:37 

Получено новое сообщение: 
username -> spocksheldon
text -> /auth
chat_id -> 878749690
Конец

2023/10/25 14:34:37 При вызове Auth команда подьзователя: start
2023/10/25 14:34:37 &{ObjectID("6537665c56a1827d507566fe") Ira $2a$14$AcREBtu2Jy9aYyFKdOl0duZDmTpPt/kT9LJUiOD2kH2wwWPs14bVm  6537665c56a1827d507566fe {false false false false false} true {878749690}}
2023/10/25 14:34:38 

Получено новое сообщение: 
username -> spocksheldon
text -> /buy
chat_id -> 878749690
Конец

2023/10/25 14:34:39 

Получено новое сообщение: 
username -> spocksheldon
text -> /buy
chat_id -> 878749690
Конец

2023/10/25 14:34:40 

Получено новое сообщение: 
username -> spocksheldon
text -> /auth
chat_id -> 878749690
Конец

2023/10/25 14:34:40 При вызове Auth команда подьзователя: start
2023/10/25 14:34:40 &{ObjectID("6537665c56a1827d507566fe") Ira $2a$14$AcREBtu2Jy9aYyFKdOl0duZDmTpPt/kT9LJUiOD2kH2wwWPs14bVm  6537665c56a1827d507566fe {false false false false false} true {878749690}}
2023/10/25 14:34:41 

Получено новое сообщение: 
username -> spocksheldon
text -> /auth
chat_id -> 878749690
Конец

2023/10/25 14:34:41 При вызове Auth команда подьзователя: start
2023/10/25 14:34:41 &{ObjectID("6537665c56a1827d507566fe") Ira $2a$14$AcREBtu2Jy9aYyFKdOl0duZDmTpPt/kT9LJUiOD2kH2wwWPs14bVm  6537665c56a1827d507566fe {false false false false false} true {878749690}}
2023/10/25 14:34:42 Passage уже отправлен
2023/10/25 14:34:42 <nil> <nil>
2023/10/25 14:34:42 

Получено новое сообщение: 
username -> spocksheldon
text -> /buy
chat_id -> 878749690
Конец

2023/10/25 14:34:43 

Получено новое сообщение: 
username -> spocksheldon
text -> /buy
chat_id -> 878749690
Конец

2023/10/25 14:34:47 Passage уже отправлен
2023/10/25 14:34:47 <nil> <nil>
2023/10/25 14:34:52 Passage уже отправлен
2023/10/25 14:34:52 <nil> <nil>
2023/10/25 14:34:57 Passage уже отправлен
2023/10/25 14:34:57 <nil> <nil>
2023/10/25 14:35:02 Passage уже отправлен
2023/10/25 14:35:02 <nil> <nil>
2023/10/25 14:35:07 Passage уже отправлен
2023/10/25 14:35:07 <nil> <nil>
2023/10/25 14:35:12 Passage уже отправлен
2023/10/25 14:35:12 <nil> <nil>
2023/10/25 14:35:17 Passage уже отправлен
2023/10/25 14:35:17 <nil> <nil>
2023/10/25 14:35:22 Passage уже отправлен
2023/10/25 14:35:22 <nil> <nil>
2023/10/25 14:35:27 Passage уже отправлен
2023/10/25 14:35:27 <nil> <nil>
2023/10/25 14:35:32 Passage уже отправлен
2023/10/25 14:35:32 <nil> <nil>
2023/10/25 14:35:37 Passage уже отправлен
2023/10/25 14:35:37 <nil> <nil>
2023/10/25 14:35:42 Passage уже отправлен
2023/10/25 14:35:42 <nil> <nil>
2023/10/25 14:35:47 Passage уже отправлен
2023/10/25 14:35:47 <nil> <nil>
2023/10/25 14:35:52 Passage уже отправлен
2023/10/25 14:35:52 <nil> <nil>
2023/10/25 14:35:57 Passage уже отправлен
2023/10/25 14:35:57 <nil> <nil>
2023/10/25 14:36:02 Passage уже отправлен
2023/10/25 14:36:02 <nil> <nil>
2023/10/25 14:36:07 Passage уже отправлен
2023/10/25 14:36:07 <nil> <nil>
2023/10/25 14:36:12 Passage уже отправлен
2023/10/25 14:36:12 <nil> <nil>
2023/10/25 14:36:17 Passage уже отправлен
2023/10/25 14:36:17 <nil> <nil>
2023/10/25 14:36:22 Passage уже отправлен
2023/10/25 14:36:22 <nil> <nil>
2023/10/25 14:36:27 Passage уже отправлен
2023/10/25 14:36:27 <nil> <nil>
2023/10/25 14:36:32 Passage уже отправлен
2023/10/25 14:36:32 <nil> <nil>
2023/10/25 14:36:37 Passage уже отправлен
2023/10/25 14:36:37 <nil> <nil>
2023/10/25 14:36:42 Passage уже отправлен
2023/10/25 14:36:42 <nil> <nil>
2023/10/25 14:36:47 Passage уже отправлен
2023/10/25 14:36:47 <nil> <nil>
2023/10/25 14:36:52 Passage уже отправлен
2023/10/25 14:36:52 <nil> <nil>
2023/10/25 14:36:57 Passage уже отправлен
2023/10/25 14:36:57 <nil> <nil>
2023/10/25 14:37:02 Passage уже отправлен
2023/10/25 14:37:02 <nil> <nil>
2023/10/25 14:37:07 Passage уже отправлен
2023/10/25 14:37:07 <nil> <nil>
2023/10/25 14:37:12 Passage уже отправлен
2023/10/25 14:37:12 <nil> <nil>
2023/10/25 14:37:17 Passage уже отправлен
2023/10/25 14:37:17 <nil> <nil>
2023/10/25 14:37:22 Passage уже отправлен
2023/10/25 14:37:22 <nil> <nil>
2023/10/25 14:37:27 Passage уже отправлен
2023/10/25 14:37:27 <nil> <nil>
2023/10/25 14:37:32 Passage уже отправлен
2023/10/25 14:37:32 <nil> <nil>
2023/10/25 14:37:37 Passage уже отправлен
2023/10/25 14:37:37 <nil> <nil>
2023/10/25 14:37:42 Passage уже отправлен
2023/10/25 14:37:42 <nil> <nil>
2023/10/25 14:37:47 Passage уже отправлен
2023/10/25 14:37:47 <nil> <nil>
2023/10/25 14:37:52 Passage уже отправлен
2023/10/25 14:37:52 <nil> <nil>
2023/10/25 14:37:57 Passage уже отправлен
2023/10/25 14:37:57 <nil> <nil>
2023/10/25 14:38:02 Passage уже отправлен
2023/10/25 14:38:02 <nil> <nil>
2023/10/25 14:38:07 Passage уже отправлен
2023/10/25 14:38:07 <nil> <nil>
2023/10/25 14:38:12 Passage уже отправлен
2023/10/25 14:38:12 <nil> <nil>
2023/10/25 14:38:17 Passage уже отправлен
2023/10/25 14:38:17 <nil> <nil>
2023/10/25 14:38:22 Passage уже отправлен
2023/10/25 14:38:22 <nil> <nil>
2023/10/25 14:38:27 Passage уже отправлен
2023/10/25 14:38:27 <nil> <nil>
2023/10/25 14:38:32 Passage уже отправлен
2023/10/25 14:38:32 <nil> <nil>
2023/10/25 14:38:37 Passage уже отправлен
2023/10/25 14:38:37 <nil> <nil>
2023/10/25 14:38:42 Passage уже отправлен
2023/10/25 14:38:42 <nil> <nil>
2023/10/25 14:38:47 Passage уже отправлен
2023/10/25 14:38:47 <nil> <nil>
2023/10/25 14:38:52 Passage уже отправлен
2023/10/25 14:38:52 <nil> <nil>
2023/10/25 14:38:57 Passage уже отправлен
2023/10/25 14:38:57 <nil> <nil>
2023/10/25 14:39:02 Passage уже отправлен
2023/10/25 14:39:02 <nil> <nil>
2023/10/25 14:39:07 Passage уже отправлен
2023/10/25 14:39:07 <nil> <nil>
2023/10/25 14:39:12 Passage уже отправлен
2023/10/25 14:39:12 <nil> <nil>
2023/10/25 14:39:17 Passage уже отправлен
2023/10/25 14:39:17 <nil> <nil>
2023/10/25 14:39:22 Passage уже отправлен
2023/10/25 14:39:22 <nil> <nil>
2023/10/25 14:39:27 Passage уже отправлен
2023/10/25 14:39:27 <nil> <nil>
2023/10/25 14:39:32 Passage уже отправлен
2023/10/25 14:39:32 <nil> <nil>
2023/10/25 14:39:37 Passage уже отправлен
2023/10/25 14:39:37 <nil> <nil>
2023/10/25 14:39:42 Passage уже отправлен
2023/10/25 14:39:42 <nil> <nil>
2023/10/25 14:39:47 Passage уже отправлен
2023/10/25 14:39:47 <nil> <nil>
2023/10/25 14:39:52 Passage уже отправлен
2023/10/25 14:39:52 <nil> <nil>
2023/10/25 14:39:57 Passage уже отправлен
2023/10/25 14:39:57 <nil> <nil>
2023/10/25 14:40:02 Passage уже отправлен
2023/10/25 14:40:02 <nil> <nil>
2023/10/25 14:40:07 Passage уже отправлен
2023/10/25 14:40:07 <nil> <nil>
2023/10/25 14:40:12 Passage уже отправлен
2023/10/25 14:40:12 <nil> <nil>
2023/10/25 14:40:17 Passage уже отправлен
2023/10/25 14:40:17 <nil> <nil>
2023/10/25 14:40:22 Passage уже отправлен
2023/10/25 14:40:22 <nil> <nil>
2023/10/25 14:40:27 Passage уже отправлен
2023/10/25 14:40:27 <nil> <nil>
2023/10/25 14:40:32 Passage уже отправлен
2023/10/25 14:40:32 <nil> <nil>
2023/10/25 14:40:37 Passage уже отправлен
2023/10/25 14:40:37 <nil> <nil>
2023/10/25 14:40:42 Passage уже отправлен
2023/10/25 14:40:42 <nil> <nil>
2023/10/25 14:40:47 Passage уже отправлен
2023/10/25 14:40:47 <nil> <nil>
2023/10/25 14:40:52 Passage уже отправлен
2023/10/25 14:40:52 <nil> <nil>
2023/10/25 14:40:57 Passage уже отправлен
2023/10/25 14:40:57 <nil> <nil>
2023/10/25 14:41:02 Passage уже отправлен
2023/10/25 14:41:02 <nil> <nil>
2023/10/25 14:41:07 Passage уже отправлен
2023/10/25 14:41:07 <nil> <nil>
2023/10/25 14:41:12 Passage уже отправлен
2023/10/25 14:41:12 <nil> <nil>
2023/10/25 14:41:17 Passage уже отправлен
2023/10/25 14:41:17 <nil> <nil>
2023/10/25 14:41:22 Passage уже отправлен
2023/10/25 14:41:22 <nil> <nil>
2023/10/25 14:41:27 Passage уже отправлен
2023/10/25 14:41:27 <nil> <nil>
2023/10/25 14:41:32 Passage уже отправлен
2023/10/25 14:41:32 <nil> <nil>
2023/10/25 14:41:37 Passage уже отправлен
2023/10/25 14:41:37 <nil> <nil>
2023/10/25 14:41:42 Passage уже отправлен
2023/10/25 14:41:42 <nil> <nil>
2023/10/25 14:41:47 Passage уже отправлен
2023/10/25 14:41:47 <nil> <nil>
2023/10/25 14:41:52 Passage уже отправлен
2023/10/25 14:41:52 <nil> <nil>
2023/10/25 14:41:57 Passage уже отправлен
2023/10/25 14:41:57 <nil> <nil>
2023/10/25 14:42:02 Passage уже отправлен
2023/10/25 14:42:02 <nil> <nil>
2023/10/25 14:42:07 Passage уже отправлен
2023/10/25 14:42:07 <nil> <nil>
2023/10/25 14:42:12 Passage уже отправлен
2023/10/25 14:42:12 <nil> <nil>
2023/10/25 14:42:17 Passage уже отправлен
2023/10/25 14:42:17 <nil> <nil>
2023/10/25 14:42:22 Passage уже отправлен
2023/10/25 14:42:22 <nil> <nil>
2023/10/25 14:42:27 Passage уже отправлен
2023/10/25 14:42:27 <nil> <nil>
2023/10/25 14:42:32 Passage уже отправлен
2023/10/25 14:42:32 <nil> <nil>
2023/10/25 14:42:37 Passage уже отправлен
2023/10/25 14:42:37 <nil> <nil>
2023/10/25 14:42:42 Passage уже отправлен
2023/10/25 14:42:42 <nil> <nil>
2023/10/25 14:42:47 Passage уже отправлен
2023/10/25 14:42:47 <nil> <nil>
2023/10/25 14:42:52 Passage уже отправлен
2023/10/25 14:42:52 <nil> <nil>
2023/10/25 14:42:57 Passage уже отправлен
2023/10/25 14:42:57 <nil> <nil>
2023/10/25 14:43:02 Passage уже отправлен
2023/10/25 14:43:02 <nil> <nil>
2023/10/25 14:43:07 Passage уже отправлен
2023/10/25 14:43:07 <nil> <nil>
2023/10/25 14:43:12 Passage уже отправлен
2023/10/25 14:43:12 <nil> <nil>
2023/10/25 14:43:17 Passage уже отправлен
2023/10/25 14:43:17 <nil> <nil>
2023/10/25 14:43:22 Passage уже отправлен
2023/10/25 14:43:22 <nil> <nil>
2023/10/25 14:43:27 Passage уже отправлен
2023/10/25 14:43:27 <nil> <nil>
2023/10/25 14:43:32 Passage уже отправлен
2023/10/25 14:43:32 <nil> <nil>
2023/10/25 14:43:37 Passage уже отправлен
2023/10/25 14:43:37 <nil> <nil>
2023/10/25 14:43:42 Passage уже отправлен
2023/10/25 14:43:42 <nil> <nil>
2023/10/25 14:43:47 Passage уже отправлен
2023/10/25 14:43:47 <nil> <nil>
2023/10/25 14:43:52 Passage уже отправлен
2023/10/25 14:43:52 <nil> <nil>
2023/10/25 14:43:57 Passage уже отправлен
2023/10/25 14:43:57 <nil> <nil>
2023/10/25 14:44:02 Passage уже отправлен
2023/10/25 14:44:02 <nil> <nil>
2023/10/25 14:44:07 Passage уже отправлен
2023/10/25 14:44:07 <nil> <nil>
2023/10/25 14:44:12 Passage уже отправлен
2023/10/25 14:44:12 <nil> <nil>
2023/10/25 14:44:17 Passage уже отправлен
2023/10/25 14:44:17 <nil> <nil>
2023/10/25 14:44:22 Passage уже отправлен
2023/10/25 14:44:22 <nil> <nil>
2023/10/25 14:44:27 Passage уже отправлен
2023/10/25 14:44:27 <nil> <nil>
2023/10/25 14:44:32 Passage уже отправлен
2023/10/25 14:44:32 <nil> <nil>
2023/10/25 14:44:37 Passage уже отправлен
2023/10/25 14:44:37 <nil> <nil>
2023/10/25 14:44:42 Passage уже отправлен
2023/10/25 14:44:42 <nil> <nil>
2023/10/25 14:44:47 Passage уже отправлен
2023/10/25 14:44:47 <nil> <nil>
2023/10/25 14:44:52 Passage уже отправлен
2023/10/25 14:44:52 <nil> <nil>
2023/10/25 14:44:57 Passage уже отправлен
2023/10/25 14:44:57 <nil> <nil>
2023/10/25 14:45:02 Passage уже отправлен
2023/10/25 14:45:02 <nil> <nil>
2023/10/25 14:45:07 Passage уже отправлен
2023/10/25 14:45:07 <nil> <nil>
2023/10/25 14:45:12 Passage уже отправлен
2023/10/25 14:45:12 <nil> <nil>
2023/10/25 14:45:17 Passage уже отправлен
2023/10/25 14:45:17 <nil> <nil>
2023/10/25 14:45:22 Passage уже отправлен
2023/10/25 14:45:22 <nil> <nil>
2023/10/25 14:45:27 Passage уже отправлен
2023/10/25 14:45:27 <nil> <nil>
2023/10/25 14:45:32 Passage уже отправлен
2023/10/25 14:45:32 <nil> <nil>
2023/10/25 14:45:37 Passage уже отправлен
2023/10/25 14:45:37 <nil> <nil>
2023/10/25 14:45:42 Passage уже отправлен
2023/10/25 14:45:42 <nil> <nil>
2023/10/25 14:45:47 Passage уже отправлен
2023/10/25 14:45:47 <nil> <nil>
2023/10/25 14:45:52 Passage уже отправлен
2023/10/25 14:45:52 <nil> <nil>
2023/10/25 14:45:57 Passage уже отправлен
2023/10/25 14:45:57 <nil> <nil>
2023/10/25 14:46:02 Passage уже отправлен
2023/10/25 14:46:02 <nil> <nil>
2023/10/25 14:46:07 Passage уже отправлен
2023/10/25 14:46:07 <nil> <nil>
2023/10/25 14:46:12 Passage уже отправлен
2023/10/25 14:46:12 <nil> <nil>
2023/10/25 14:46:17 Passage уже отправлен
2023/10/25 14:46:17 <nil> <nil>
2023/10/25 14:46:22 Passage уже отправлен
2023/10/25 14:46:22 <nil> <nil>
2023/10/25 14:46:27 Passage уже отправлен
2023/10/25 14:46:27 <nil> <nil>
2023/10/25 14:46:32 Passage уже отправлен
2023/10/25 14:46:32 <nil> <nil>
2023/10/25 14:46:37 Passage уже отправлен
2023/10/25 14:46:37 <nil> <nil>
2023/10/25 14:46:42 Passage уже отправлен
2023/10/25 14:46:42 <nil> <nil>
2023/10/25 14:46:47 Passage уже отправлен
2023/10/25 14:46:47 <nil> <nil>
2023/10/25 14:46:52 Passage уже отправлен
2023/10/25 14:46:52 <nil> <nil>
2023/10/25 14:46:57 Passage уже отправлен
2023/10/25 14:46:57 <nil> <nil>
2023/10/25 14:47:02 Passage уже отправлен
2023/10/25 14:47:02 <nil> <nil>
2023/10/25 14:47:07 Passage уже отправлен
2023/10/25 14:47:07 <nil> <nil>
2023/10/25 14:47:12 Passage уже отправлен
2023/10/25 14:47:12 <nil> <nil>
2023/10/25 14:47:17 Passage уже отправлен
2023/10/25 14:47:17 <nil> <nil>
2023/10/25 14:47:22 Passage уже отправлен
2023/10/25 14:47:22 <nil> <nil>
2023/10/25 14:47:27 Passage уже отправлен
2023/10/25 14:47:27 <nil> <nil>
2023/10/25 14:47:32 Passage уже отправлен
2023/10/25 14:47:32 <nil> <nil>
2023/10/25 14:47:37 Passage уже отправлен
2023/10/25 14:47:37 <nil> <nil>
2023/10/25 14:47:42 Passage уже отправлен
2023/10/25 14:47:42 <nil> <nil>
2023/10/25 14:47:47 Passage уже отправлен
2023/10/25 14:47:47 <nil> <nil>
2023/10/25 14:47:52 Passage уже отправлен
2023/10/25 14:47:52 <nil> <nil>
2023/10/25 14:47:57 Passage уже отправлен
2023/10/25 14:47:57 <nil> <nil>
2023/10/25 14:48:02 Passage уже отправлен
2023/10/25 14:48:02 <nil> <nil>
2023/10/25 14:48:07 Passage уже отправлен
2023/10/25 14:48:07 <nil> <nil>
2023/10/25 14:48:12 Passage уже отправлен
2023/10/25 14:48:12 <nil> <nil>
2023/10/25 14:48:17 Passage уже отправлен
2023/10/25 14:48:17 <nil> <nil>
2023/10/25 14:48:22 Passage уже отправлен
2023/10/25 14:48:22 <nil> <nil>
2023/10/25 14:48:27 Passage уже отправлен
2023/10/25 14:48:27 <nil> <nil>
2023/10/25 14:48:32 Passage уже отправлен
2023/10/25 14:48:32 <nil> <nil>
2023/10/25 14:48:37 Passage уже отправлен
2023/10/25 14:48:37 <nil> <nil>
2023/10/25 14:48:42 Passage уже отправлен
2023/10/25 14:48:42 <nil> <nil>
2023/10/25 14:48:47 Passage уже отправлен
2023/10/25 14:48:47 <nil> <nil>
2023/10/25 14:48:52 Passage уже отправлен
2023/10/25 14:48:52 <nil> <nil>
2023/10/25 14:48:57 Passage уже отправлен
2023/10/25 14:48:57 <nil> <nil>
2023/10/25 14:49:02 Passage уже отправлен
2023/10/25 14:49:02 <nil> <nil>
2023/10/25 14:49:07 Passage уже отправлен
2023/10/25 14:49:07 <nil> <nil>
2023/10/25 14:49:12 Passage уже отправлен
2023/10/25 14:49:12 <nil> <nil>
2023/10/25 14:49:17 Passage уже отправлен
2023/10/25 14:49:17 <nil> <nil>
2023/10/25 14:49:22 Passage уже отправлен
2023/10/25 14:49:22 <nil> <nil>
2023/10/25 14:49:27 Passage уже отправлен
2023/10/25 14:49:27 <nil> <nil>
2023/10/25 14:49:32 Passage уже отправлен
2023/10/25 14:49:32 <nil> <nil>
2023/10/25 14:49:37 Passage уже отправлен
2023/10/25 14:49:37 <nil> <nil>
2023/10/25 14:49:42 Passage уже отправлен
2023/10/25 14:49:42 <nil> <nil>
2023/10/25 14:49:47 Passage уже отправлен
2023/10/25 14:49:47 <nil> <nil>
2023/10/25 14:49:52 Passage уже отправлен
2023/10/25 14:49:52 <nil> <nil>
2023/10/25 14:49:57 Passage уже отправлен
2023/10/25 14:49:57 <nil> <nil>
2023/10/25 14:50:02 Passage уже отправлен
2023/10/25 14:50:02 <nil> <nil>
2023/10/25 14:50:07 Passage уже отправлен
2023/10/25 14:50:07 <nil> <nil>
2023/10/25 14:50:12 Passage уже отправлен
2023/10/25 14:50:12 <nil> <nil>
2023/10/25 14:50:17 Passage уже отправлен
2023/10/25 14:50:17 <nil> <nil>
2023/10/25 14:50:22 Passage уже отправлен
2023/10/25 14:50:22 <nil> <nil>
2023/10/25 14:50:27 Passage уже отправлен
2023/10/25 14:50:27 <nil> <nil>
2023/10/25 14:50:32 Passage уже отправлен
2023/10/25 14:50:32 <nil> <nil>
2023/10/25 14:50:37 Passage уже отправлен
2023/10/25 14:50:37 <nil> <nil>
2023/10/25 14:50:42 Passage уже отправлен
2023/10/25 14:50:42 <nil> <nil>
2023/10/25 14:50:47 Passage уже отправлен
2023/10/25 14:50:47 <nil> <nil>
2023/10/25 14:50:52 Passage уже отправлен
2023/10/25 14:50:52 <nil> <nil>
2023/10/25 14:50:57 Passage уже отправлен
2023/10/25 14:50:57 <nil> <nil>
2023/10/25 14:51:02 Passage уже отправлен
2023/10/25 14:51:02 <nil> <nil>
2023/10/25 14:51:07 Passage уже отправлен
2023/10/25 14:51:07 <nil> <nil>
2023/10/25 14:51:12 Passage уже отправлен
2023/10/25 14:51:12 <nil> <nil>
2023/10/25 14:51:17 Passage уже отправлен
2023/10/25 14:51:17 <nil> <nil>
2023/10/25 14:51:22 Passage уже отправлен
2023/10/25 14:51:22 <nil> <nil>
2023/10/25 14:51:27 Passage уже отправлен
2023/10/25 14:51:27 <nil> <nil>
2023/10/25 14:51:32 Passage уже отправлен
2023/10/25 14:51:32 <nil> <nil>
2023/10/25 14:51:37 Passage уже отправлен
2023/10/25 14:51:37 <nil> <nil>
2023/10/25 14:51:42 Passage уже отправлен
2023/10/25 14:51:42 <nil> <nil>
2023/10/25 14:51:47 Passage уже отправлен
2023/10/25 14:51:47 <nil> <nil>
2023/10/25 14:51:52 Passage уже отправлен
2023/10/25 14:51:52 <nil> <nil>
2023/10/25 14:51:57 Passage уже отправлен
2023/10/25 14:51:57 <nil> <nil>
2023/10/25 14:52:02 Passage уже отправлен
2023/10/25 14:52:02 <nil> <nil>
2023/10/25 14:52:07 Passage уже отправлен
2023/10/25 14:52:07 <nil> <nil>
2023/10/25 14:52:12 Passage уже отправлен
2023/10/25 14:52:12 <nil> <nil>
2023/10/25 14:52:17 Passage уже отправлен
2023/10/25 14:52:17 <nil> <nil>
2023/10/25 14:52:22 Passage уже отправлен
2023/10/25 14:52:22 <nil> <nil>
2023/10/25 14:52:27 Passage уже отправлен
2023/10/25 14:52:27 <nil> <nil>
2023/10/25 14:52:32 Passage уже отправлен
2023/10/25 14:52:32 <nil> <nil>
2023/10/25 14:52:37 Passage уже отправлен
2023/10/25 14:52:37 <nil> <nil>
2023/10/25 14:52:42 Passage уже отправлен
2023/10/25 14:52:42 <nil> <nil>
2023/10/25 14:52:47 Passage уже отправлен
2023/10/25 14:52:47 <nil> <nil>
2023/10/25 14:52:52 Passage уже отправлен
2023/10/25 14:52:52 <nil> <nil>
2023/10/25 14:52:57 Passage уже отправлен
2023/10/25 14:52:57 <nil> <nil>
2023/10/25 14:53:02 Passage уже отправлен
2023/10/25 14:53:02 <nil> <nil>
2023/10/25 14:53:07 Passage уже отправлен
2023/10/25 14:53:07 <nil> <nil>
2023/10/25 14:53:12 Passage уже отправлен
2023/10/25 14:53:12 <nil> <nil>
2023/10/25 14:53:17 Passage уже отправлен
2023/10/25 14:53:17 <nil> <nil>
2023/10/25 14:53:22 Passage уже отправлен
2023/10/25 14:53:22 <nil> <nil>
2023/10/25 14:53:27 Passage уже отправлен
2023/10/25 14:53:27 <nil> <nil>
2023/10/25 14:53:32 Passage уже отправлен
2023/10/25 14:53:32 <nil> <nil>
2023/10/25 14:53:37 Passage уже отправлен
2023/10/25 14:53:37 <nil> <nil>
2023/10/25 14:53:42 Passage уже отправлен
2023/10/25 14:53:42 <nil> <nil>
2023/10/25 14:53:47 Passage уже отправлен
2023/10/25 14:53:47 <nil> <nil>
2023/10/25 14:53:52 Passage уже отправлен
2023/10/25 14:53:52 <nil> <nil>
2023/10/25 14:53:57 Passage уже отправлен
2023/10/25 14:53:57 <nil> <nil>
2023/10/25 14:54:02 Passage уже отправлен
2023/10/25 14:54:02 <nil> <nil>
2023/10/25 14:54:07 Passage уже отправлен
2023/10/25 14:54:07 <nil> <nil>
2023/10/25 14:54:12 Passage уже отправлен
2023/10/25 14:54:12 <nil> <nil>
2023/10/25 14:54:17 Passage уже отправлен
2023/10/25 14:54:17 <nil> <nil>
2023/10/25 14:54:22 Passage уже отправлен
2023/10/25 14:54:22 <nil> <nil>
2023/10/25 14:54:27 Passage уже отправлен
2023/10/25 14:54:27 <nil> <nil>
2023/10/25 14:54:32 Passage уже отправлен
2023/10/25 14:54:32 <nil> <nil>
2023/10/25 14:54:37 Passage уже отправлен
2023/10/25 14:54:37 <nil> <nil>
2023/10/25 14:54:42 Passage уже отправлен
2023/10/25 14:54:42 <nil> <nil>
2023/10/25 14:54:47 Passage уже отправлен
2023/10/25 14:54:47 <nil> <nil>
2023/10/25 14:54:52 Passage уже отправлен
2023/10/25 14:54:52 <nil> <nil>
2023/10/25 14:54:57 Passage уже отправлен
2023/10/25 14:54:57 <nil> <nil>
2023/10/25 14:55:02 Passage уже отправлен
2023/10/25 14:55:02 <nil> <nil>
2023/10/25 14:55:07 Passage уже отправлен
2023/10/25 14:55:07 <nil> <nil>
2023/10/25 14:55:12 Passage уже отправлен
2023/10/25 14:55:12 <nil> <nil>
2023/10/25 14:55:17 Passage уже отправлен
2023/10/25 14:55:17 <nil> <nil>
2023/10/25 14:55:22 Passage уже отправлен
2023/10/25 14:55:22 <nil> <nil>
2023/10/25 14:55:27 Passage уже отправлен
2023/10/25 14:55:27 <nil> <nil>
2023/10/25 14:55:32 Passage уже отправлен
2023/10/25 14:55:32 <nil> <nil>
2023/10/25 14:55:37 Passage уже отправлен
2023/10/25 14:55:37 <nil> <nil>
2023/10/25 14:55:42 Passage уже отправлен
2023/10/25 14:55:42 <nil> <nil>
2023/10/25 14:55:47 Passage уже отправлен
2023/10/25 14:55:47 <nil> <nil>
2023/10/25 14:55:52 Passage уже отправлен
2023/10/25 14:55:52 <nil> <nil>
2023/10/25 14:55:57 Passage уже отправлен
2023/10/25 14:55:57 <nil> <nil>
2023/10/25 14:56:02 Passage уже отправлен
2023/10/25 14:56:02 <nil> <nil>
2023/10/25 14:56:07 Passage уже отправлен
2023/10/25 14:56:07 <nil> <nil>
2023/10/25 14:56:12 Passage уже отправлен
2023/10/25 14:56:12 <nil> <nil>
2023/10/25 14:56:17 Passage уже отправлен
2023/10/25 14:56:17 <nil> <nil>
2023/10/25 14:56:22 Passage уже отправлен
2023/10/25 14:56:22 <nil> <nil>
2023/10/25 14:56:27 Passage уже отправлен
2023/10/25 14:56:27 <nil> <nil>
2023/10/25 14:56:32 Passage уже отправлен
2023/10/25 14:56:32 <nil> <nil>
2023/10/25 14:56:37 Passage уже отправлен
2023/10/25 14:56:37 <nil> <nil>
2023/10/25 14:56:42 Passage уже отправлен
2023/10/25 14:56:42 <nil> <nil>
2023/10/25 14:56:47 Passage уже отправлен
2023/10/25 14:56:47 <nil> <nil>
2023/10/25 14:56:52 Passage уже отправлен
2023/10/25 14:56:52 <nil> <nil>
2023/10/25 14:56:57 Passage уже отправлен
2023/10/25 14:56:57 <nil> <nil>
2023/10/25 14:57:02 Passage уже отправлен
2023/10/25 14:57:02 <nil> <nil>
2023/10/25 14:57:07 Passage уже отправлен
2023/10/25 14:57:07 <nil> <nil>
2023/10/25 14:57:12 Passage уже отправлен
2023/10/25 14:57:12 <nil> <nil>
2023/10/25 14:57:17 Passage уже отправлен
2023/10/25 14:57:17 <nil> <nil>
2023/10/25 14:57:22 Passage уже отправлен
2023/10/25 14:57:22 <nil> <nil>
2023/10/25 14:57:27 Passage уже отправлен
2023/10/25 14:57:27 <nil> <nil>
2023/10/25 14:57:32 Passage уже отправлен
2023/10/25 14:57:32 <nil> <nil>
2023/10/25 14:57:37 Passage уже отправлен
2023/10/25 14:57:37 <nil> <nil>
2023/10/25 14:57:42 Passage уже отправлен
2023/10/25 14:57:42 <nil> <nil>
2023/10/25 14:57:47 Passage уже отправлен
2023/10/25 14:57:47 <nil> <nil>
2023/10/25 14:57:52 Passage уже отправлен
2023/10/25 14:57:52 <nil> <nil>
2023/10/25 14:57:57 Passage уже отправлен
2023/10/25 14:57:57 <nil> <nil>
2023/10/25 14:58:02 Passage уже отправлен
2023/10/25 14:58:02 <nil> <nil>
2023/10/25 14:58:07 Passage уже отправлен
2023/10/25 14:58:07 <nil> <nil>
2023/10/25 14:58:12 Passage уже отправлен
2023/10/25 14:58:12 <nil> <nil>
2023/10/25 14:58:17 Passage уже отправлен
2023/10/25 14:58:17 <nil> <nil>
2023/10/25 14:58:22 Passage уже отправлен
2023/10/25 14:58:22 <nil> <nil>
2023/10/25 14:58:27 Passage уже отправлен
2023/10/25 14:58:27 <nil> <nil>
2023/10/25 14:58:32 Passage уже отправлен
2023/10/25 14:58:32 <nil> <nil>
2023/10/25 14:58:37 Passage уже отправлен
2023/10/25 14:58:37 <nil> <nil>
2023/10/25 14:58:42 Passage уже отправлен
2023/10/25 14:58:42 <nil> <nil>
2023/10/25 14:58:47 Passage уже отправлен
2023/10/25 14:58:47 <nil> <nil>
2023/10/25 14:58:52 Passage уже отправлен
2023/10/25 14:58:52 <nil> <nil>
2023/10/25 14:58:57 Passage уже отправлен
2023/10/25 14:58:57 <nil> <nil>
2023/10/25 14:59:02 Passage уже отправлен
2023/10/25 14:59:02 <nil> <nil>
2023/10/25 14:59:07 Passage уже отправлен
2023/10/25 14:59:07 <nil> <nil>
2023/10/25 14:59:12 Passage уже отправлен
2023/10/25 14:59:12 <nil> <nil>
2023/10/25 14:59:17 Passage уже отправлен
2023/10/25 14:59:17 <nil> <nil>
2023/10/25 14:59:22 Passage уже отправлен
2023/10/25 14:59:22 <nil> <nil>
2023/10/25 14:59:27 Passage уже отправлен
2023/10/25 14:59:27 <nil> <nil>
2023/10/25 14:59:32 Passage уже отправлен
2023/10/25 14:59:32 <nil> <nil>
2023/10/25 14:59:37 Passage уже отправлен
2023/10/25 14:59:37 <nil> <nil>
2023/10/25 14:59:42 Passage уже отправлен
2023/10/25 14:59:42 <nil> <nil>
2023/10/25 14:59:47 Passage уже отправлен
2023/10/25 14:59:47 <nil> <nil>
2023/10/25 14:59:52 Passage уже отправлен
2023/10/25 14:59:52 <nil> <nil>
2023/10/25 14:59:57 Passage уже отправлен
2023/10/25 14:59:57 <nil> <nil>
2023/10/25 15:00:02 Passage уже отправлен
2023/10/25 15:00:02 <nil> <nil>
2023/10/25 15:00:07 Passage уже отправлен
2023/10/25 15:00:07 <nil> <nil>
2023/10/25 15:00:12 Passage уже отправлен
2023/10/25 15:00:12 <nil> <nil>
2023/10/25 15:00:17 Passage уже отправлен
2023/10/25 15:00:17 <nil> <nil>
2023/10/25 15:00:22 Passage уже отправлен
2023/10/25 15:00:22 <nil> <nil>
2023/10/25 15:00:27 Passage уже отправлен
2023/10/25 15:00:27 <nil> <nil>
2023/10/25 15:00:32 Passage уже отправлен
2023/10/25 15:00:32 <nil> <nil>
2023/10/25 15:00:37 Passage уже отправлен
2023/10/25 15:00:37 <nil> <nil>
2023/10/25 15:00:42 Passage уже отправлен
2023/10/25 15:00:42 <nil> <nil>
2023/10/25 15:00:47 Passage уже отправлен
2023/10/25 15:00:47 <nil> <nil>
2023/10/25 15:00:52 Passage уже отправлен
2023/10/25 15:00:52 <nil> <nil>
2023/10/25 15:00:57 Passage уже отправлен
2023/10/25 15:00:57 <nil> <nil>
2023/10/25 15:01:02 Passage уже отправлен
2023/10/25 15:01:02 <nil> <nil>
2023/10/25 15:01:07 Passage уже отправлен
2023/10/25 15:01:07 <nil> <nil>
2023/10/25 15:01:12 Passage уже отправлен
2023/10/25 15:01:12 <nil> <nil>
2023/10/25 15:01:17 Passage уже отправлен
2023/10/25 15:01:17 <nil> <nil>
2023/10/25 15:01:22 Passage уже отправлен
2023/10/25 15:01:22 <nil> <nil>
2023/10/25 15:01:27 Passage уже отправлен
2023/10/25 15:01:27 <nil> <nil>
2023/10/25 15:01:32 Passage уже отправлен
2023/10/25 15:01:32 <nil> <nil>
2023/10/25 15:01:37 Passage уже отправлен
2023/10/25 15:01:37 <nil> <nil>
2023/10/25 15:01:42 Passage уже отправлен
2023/10/25 15:01:42 <nil> <nil>
2023/10/25 15:01:47 Passage уже отправлен
2023/10/25 15:01:47 <nil> <nil>
2023/10/25 15:01:52 Passage уже отправлен
2023/10/25 15:01:52 <nil> <nil>
2023/10/25 15:01:57 Passage уже отправлен
2023/10/25 15:01:57 <nil> <nil>
2023/10/25 15:02:02 Passage уже отправлен
2023/10/25 15:02:02 <nil> <nil>
2023/10/25 15:02:07 Passage уже отправлен
2023/10/25 15:02:07 <nil> <nil>
2023/10/25 15:02:12 Passage уже отправлен
2023/10/25 15:02:12 <nil> <nil>
2023/10/25 15:02:17 Passage уже отправлен
2023/10/25 15:02:17 <nil> <nil>
2023/10/25 15:02:22 Passage уже отправлен
2023/10/25 15:02:22 <nil> <nil>
2023/10/25 15:02:27 Passage уже отправлен
2023/10/25 15:02:27 <nil> <nil>
2023/10/25 15:02:32 Passage уже отправлен
2023/10/25 15:02:32 <nil> <nil>
2023/10/25 15:02:37 Passage уже отправлен
2023/10/25 15:02:37 <nil> <nil>
2023/10/25 15:02:42 Passage уже отправлен
2023/10/25 15:02:42 <nil> <nil>
2023/10/25 15:02:47 Passage уже отправлен
2023/10/25 15:02:47 <nil> <nil>
2023/10/25 15:02:52 Passage уже отправлен
2023/10/25 15:02:52 <nil> <nil>
2023/10/25 15:02:57 Passage уже отправлен
2023/10/25 15:02:57 <nil> <nil>
2023/10/25 15:03:02 Passage уже отправлен
2023/10/25 15:03:02 <nil> <nil>
2023/10/25 15:03:07 Passage уже отправлен
2023/10/25 15:03:07 <nil> <nil>
2023/10/25 15:03:12 Passage уже отправлен
2023/10/25 15:03:12 <nil> <nil>
2023/10/25 15:03:17 Passage уже отправлен
2023/10/25 15:03:17 <nil> <nil>
2023/10/25 15:03:22 Passage уже отправлен
2023/10/25 15:03:22 <nil> <nil>
2023/10/25 15:03:27 Passage уже отправлен
2023/10/25 15:03:27 <nil> <nil>
2023/10/25 15:03:32 Passage уже отправлен
2023/10/25 15:03:32 <nil> <nil>
2023/10/25 15:03:37 Passage уже отправлен
2023/10/25 15:03:37 <nil> <nil>
2023/10/25 15:03:42 Passage уже отправлен
2023/10/25 15:03:42 <nil> <nil>
2023/10/25 15:03:47 Passage уже отправлен
2023/10/25 15:03:47 <nil> <nil>
2023/10/25 15:03:52 Passage уже отправлен
2023/10/25 15:03:52 <nil> <nil>
2023/10/25 15:03:57 Passage уже отправлен
2023/10/25 15:03:57 <nil> <nil>
2023/10/25 15:04:02 Passage уже отправлен
2023/10/25 15:04:02 <nil> <nil>
2023/10/25 15:04:07 Passage уже отправлен
2023/10/25 15:04:07 <nil> <nil>
2023/10/25 15:04:12 Passage уже отправлен
2023/10/25 15:04:12 <nil> <nil>
2023/10/25 15:04:17 Passage уже отправлен
2023/10/25 15:04:17 <nil> <nil>
2023/10/25 15:04:22 Passage уже отправлен
2023/10/25 15:04:22 <nil> <nil>
2023/10/25 15:04:27 Passage уже отправлен
2023/10/25 15:04:27 <nil> <nil>
2023/10/25 15:04:32 Passage уже отправлен
2023/10/25 15:04:32 <nil> <nil>
2023/10/25 15:04:37 Passage уже отправлен
2023/10/25 15:04:37 <nil> <nil>
2023/10/25 15:04:42 Passage уже отправлен
2023/10/25 15:04:42 <nil> <nil>
2023/10/25 15:04:47 Passage уже отправлен
2023/10/25 15:04:47 <nil> <nil>
2023/10/25 15:04:52 Passage уже отправлен
2023/10/25 15:04:52 <nil> <nil>
2023/10/25 15:04:57 Passage уже отправлен
2023/10/25 15:04:57 <nil> <nil>
2023/10/25 15:05:02 Passage уже отправлен
2023/10/25 15:05:02 <nil> <nil>
2023/10/25 15:05:07 Passage уже отправлен
2023/10/25 15:05:07 <nil> <nil>
2023/10/25 15:05:12 Passage уже отправлен
2023/10/25 15:05:12 <nil> <nil>
2023/10/25 15:05:17 Passage уже отправлен
2023/10/25 15:05:17 <nil> <nil>
2023/10/25 15:05:22 Passage уже отправлен
2023/10/25 15:05:22 <nil> <nil>
2023/10/25 15:05:27 Passage уже отправлен
2023/10/25 15:05:27 <nil> <nil>
2023/10/25 15:05:32 Passage уже отправлен
2023/10/25 15:05:32 <nil> <nil>
2023/10/25 15:05:37 Passage уже отправлен
2023/10/25 15:05:37 <nil> <nil>
2023/10/25 15:05:42 Passage уже отправлен
2023/10/25 15:05:42 <nil> <nil>
2023/10/25 15:05:47 Passage уже отправлен
2023/10/25 15:05:47 <nil> <nil>
2023/10/25 15:05:52 Passage уже отправлен
2023/10/25 15:05:52 <nil> <nil>
2023/10/25 15:05:57 Passage уже отправлен
2023/10/25 15:05:57 <nil> <nil>
2023/10/25 15:06:02 Passage уже отправлен
2023/10/25 15:06:02 <nil> <nil>
2023/10/25 15:06:07 Passage уже отправлен
2023/10/25 15:06:07 <nil> <nil>
2023/10/25 15:06:12 Passage уже отправлен
2023/10/25 15:06:12 <nil> <nil>
2023/10/25 15:06:17 Passage уже отправлен
2023/10/25 15:06:17 <nil> <nil>
2023/10/25 15:06:22 Passage уже отправлен
2023/10/25 15:06:22 <nil> <nil>
2023/10/25 15:06:27 Passage уже отправлен
2023/10/25 15:06:27 <nil> <nil>
2023/10/25 15:06:32 Passage уже отправлен
2023/10/25 15:06:32 <nil> <nil>
2023/10/25 15:06:37 Passage уже отправлен
2023/10/25 15:06:37 <nil> <nil>
2023/10/25 15:06:42 Passage уже отправлен
2023/10/25 15:06:42 <nil> <nil>
2023/10/25 15:06:47 Passage уже отправлен
2023/10/25 15:06:47 <nil> <nil>
2023/10/25 15:06:52 Passage уже отправлен
2023/10/25 15:06:52 <nil> <nil>
2023/10/25 15:06:57 Passage уже отправлен
2023/10/25 15:06:57 <nil> <nil>
2023/10/25 15:07:02 Passage уже отправлен
2023/10/25 15:07:02 <nil> <nil>
2023/10/25 15:07:07 Passage уже отправлен
2023/10/25 15:07:07 <nil> <nil>
2023/10/25 15:07:12 Passage уже отправлен
2023/10/25 15:07:12 <nil> <nil>
2023/10/25 15:07:17 Passage уже отправлен
2023/10/25 15:07:17 <nil> <nil>
2023/10/25 15:07:22 Passage уже отправлен
2023/10/25 15:07:22 <nil> <nil>
2023/10/25 15:07:27 Passage уже отправлен
2023/10/25 15:07:27 <nil> <nil>
2023/10/25 15:07:32 Passage уже отправлен
2023/10/25 15:07:32 <nil> <nil>
2023/10/25 15:07:37 Passage уже отправлен
2023/10/25 15:07:37 <nil> <nil>
2023/10/25 15:07:42 Passage уже отправлен
2023/10/25 15:07:42 <nil> <nil>
2023/10/25 15:07:47 Passage уже отправлен
2023/10/25 15:07:47 <nil> <nil>
2023/10/25 15:07:52 Passage уже отправлен
2023/10/25 15:07:52 <nil> <nil>
2023/10/25 15:07:57 Passage уже отправлен
2023/10/25 15:07:57 <nil> <nil>
2023/10/25 15:08:02 Passage уже отправлен
2023/10/25 15:08:02 <nil> <nil>
2023/10/25 15:08:07 Passage уже отправлен
2023/10/25 15:08:07 <nil> <nil>
2023/10/25 15:08:12 Passage уже отправлен
2023/10/25 15:08:12 <nil> <nil>
2023/10/25 15:08:17 Passage уже отправлен
2023/10/25 15:08:17 <nil> <nil>
2023/10/25 15:08:22 Passage уже отправлен
2023/10/25 15:08:22 <nil> <nil>
2023/10/25 15:08:27 Passage уже отправлен
2023/10/25 15:08:27 <nil> <nil>
2023/10/25 15:08:32 Passage уже отправлен
2023/10/25 15:08:32 <nil> <nil>
2023/10/25 15:08:37 Passage уже отправлен
2023/10/25 15:08:37 <nil> <nil>
2023/10/25 15:08:42 Passage уже отправлен
2023/10/25 15:08:42 <nil> <nil>
2023/10/25 15:08:47 Passage уже отправлен
2023/10/25 15:08:47 <nil> <nil>
2023/10/25 15:08:52 Passage уже отправлен
2023/10/25 15:08:52 <nil> <nil>
2023/10/25 15:08:57 Passage уже отправлен
2023/10/25 15:08:57 <nil> <nil>
2023/10/25 15:09:02 Passage уже отправлен
2023/10/25 15:09:02 <nil> <nil>
2023/10/25 15:09:07 Passage уже отправлен
2023/10/25 15:09:07 <nil> <nil>
2023/10/25 15:09:12 Passage уже отправлен
2023/10/25 15:09:12 <nil> <nil>
2023/10/25 15:09:17 Passage уже отправлен
2023/10/25 15:09:17 <nil> <nil>
2023/10/25 15:09:22 Passage уже отправлен
2023/10/25 15:09:22 <nil> <nil>
2023/10/25 15:09:27 Passage уже отправлен
2023/10/25 15:09:27 <nil> <nil>
2023/10/25 15:09:32 Passage уже отправлен
2023/10/25 15:09:32 <nil> <nil>
2023/10/25 15:09:37 Passage уже отправлен
2023/10/25 15:09:37 <nil> <nil>
2023/10/25 15:09:42 Passage уже отправлен
2023/10/25 15:09:42 <nil> <nil>
2023/10/25 15:09:47 Passage уже отправлен
2023/10/25 15:09:47 <nil> <nil>
2023/10/25 15:09:52 Passage уже отправлен
2023/10/25 15:09:52 <nil> <nil>
2023/10/25 15:09:57 Passage уже отправлен
2023/10/25 15:09:57 <nil> <nil>
2023/10/25 15:10:02 Passage уже отправлен
2023/10/25 15:10:02 <nil> <nil>
2023/10/25 15:10:07 Passage уже отправлен
2023/10/25 15:10:07 <nil> <nil>
2023/10/25 15:10:12 Passage уже отправлен
2023/10/25 15:10:12 <nil> <nil>
2023/10/25 15:10:17 Passage уже отправлен
2023/10/25 15:10:17 <nil> <nil>
2023/10/25 15:10:22 Passage уже отправлен
2023/10/25 15:10:22 <nil> <nil>
2023/10/25 15:10:27 Passage уже отправлен
2023/10/25 15:10:27 <nil> <nil>
2023/10/25 15:10:32 Passage уже отправлен
2023/10/25 15:10:32 <nil> <nil>
2023/10/25 15:10:37 Passage уже отправлен
2023/10/25 15:10:37 <nil> <nil>
2023/10/25 15:10:42 Passage уже отправлен
2023/10/25 15:10:42 <nil> <nil>
2023/10/25 15:10:47 Passage уже отправлен
2023/10/25 15:10:47 <nil> <nil>
2023/10/25 15:10:52 Passage уже отправлен
2023/10/25 15:10:52 <nil> <nil>
2023/10/25 15:10:57 Passage уже отправлен
2023/10/25 15:10:57 <nil> <nil>
2023/10/25 15:11:02 Passage уже отправлен
2023/10/25 15:11:02 <nil> <nil>
2023/10/25 15:11:07 Passage уже отправлен
2023/10/25 15:11:07 <nil> <nil>
2023/10/25 15:11:12 Passage уже отправлен
2023/10/25 15:11:12 <nil> <nil>
2023/10/25 15:11:17 Passage уже отправлен
2023/10/25 15:11:17 <nil> <nil>
2023/10/25 15:11:22 Passage уже отправлен
2023/10/25 15:11:22 <nil> <nil>
2023/10/25 15:11:27 Passage уже отправлен
2023/10/25 15:11:27 <nil> <nil>
2023/10/25 15:11:32 Passage уже отправлен
2023/10/25 15:11:32 <nil> <nil>
2023/10/25 15:11:37 Passage уже отправлен
2023/10/25 15:11:37 <nil> <nil>
2023/10/25 15:11:42 Passage уже отправлен
2023/10/25 15:11:42 <nil> <nil>
2023/10/25 15:11:47 Passage уже отправлен
2023/10/25 15:11:47 <nil> <nil>
2023/10/25 15:11:52 Passage уже отправлен
2023/10/25 15:11:52 <nil> <nil>
2023/10/25 15:11:57 Passage уже отправлен
2023/10/25 15:11:57 <nil> <nil>
2023/10/25 15:12:02 Passage уже отправлен
2023/10/25 15:12:02 <nil> <nil>
2023/10/25 15:12:07 Passage уже отправлен
2023/10/25 15:12:07 <nil> <nil>
2023/10/25 15:12:12 Passage уже отправлен
2023/10/25 15:12:12 <nil> <nil>
2023/10/25 15:12:17 Passage уже отправлен
2023/10/25 15:12:17 <nil> <nil>
2023/10/25 15:12:22 Passage уже отправлен
2023/10/25 15:12:22 <nil> <nil>
2023/10/25 15:12:27 Passage уже отправлен
2023/10/25 15:12:27 <nil> <nil>
2023/10/25 15:12:32 Passage уже отправлен
2023/10/25 15:12:32 <nil> <nil>
2023/10/25 15:12:37 Passage уже отправлен
2023/10/25 15:12:37 <nil> <nil>
2023/10/25 15:12:42 Passage уже отправлен
2023/10/25 15:12:42 <nil> <nil>
2023/10/25 15:12:47 Passage уже отправлен
2023/10/25 15:12:47 <nil> <nil>
2023/10/25 15:12:52 Passage уже отправлен
2023/10/25 15:12:52 <nil> <nil>
2023/10/25 15:12:57 Passage уже отправлен
2023/10/25 15:12:57 <nil> <nil>
2023/10/25 15:13:02 Passage уже отправлен
2023/10/25 15:13:02 <nil> <nil>
2023/10/25 15:13:07 Passage уже отправлен
2023/10/25 15:13:07 <nil> <nil>
2023/10/25 15:13:12 Passage уже отправлен
2023/10/25 15:13:12 <nil> <nil>
2023/10/25 15:13:17 Passage уже отправлен
2023/10/25 15:13:17 <nil> <nil>
2023/10/25 15:13:22 Passage уже отправлен
2023/10/25 15:13:22 <nil> <nil>
2023/10/25 15:13:27 Passage уже отправлен
2023/10/25 15:13:27 <nil> <nil>
2023/10/25 15:13:32 Passage уже отправлен
2023/10/25 15:13:32 <nil> <nil>
2023/10/25 15:13:37 Passage уже отправлен
2023/10/25 15:13:37 <nil> <nil>
2023/10/25 15:13:42 Passage уже отправлен
2023/10/25 15:13:42 <nil> <nil>
2023/10/25 15:13:47 Passage уже отправлен
2023/10/25 15:13:47 <nil> <nil>
2023/10/25 15:13:52 Passage уже отправлен
2023/10/25 15:13:52 <nil> <nil>
2023/10/25 15:13:57 Passage уже отправлен
2023/10/25 15:13:57 <nil> <nil>
2023/10/25 15:14:02 Passage уже отправлен
2023/10/25 15:14:02 <nil> <nil>
2023/10/25 15:14:07 Passage уже отправлен
2023/10/25 15:14:07 <nil> <nil>
2023/10/25 15:14:12 Passage уже отправлен
2023/10/25 15:14:12 <nil> <nil>
2023/10/25 15:14:17 Passage уже отправлен
2023/10/25 15:14:17 <nil> <nil>
2023/10/25 15:14:22 Passage уже отправлен
2023/10/25 15:14:22 <nil> <nil>
2023/10/25 15:14:27 Passage уже отправлен
2023/10/25 15:14:27 <nil> <nil>
2023/10/25 15:14:32 Passage уже отправлен
2023/10/25 15:14:32 <nil> <nil>
2023/10/25 15:14:37 Passage уже отправлен
2023/10/25 15:14:37 <nil> <nil>
2023/10/25 15:14:42 Passage уже отправлен
2023/10/25 15:14:42 <nil> <nil>
2023/10/25 15:14:47 Passage уже отправлен
2023/10/25 15:14:47 <nil> <nil>
2023/10/25 15:14:52 Passage уже отправлен
2023/10/25 15:14:52 <nil> <nil>
2023/10/25 15:14:57 Passage уже отправлен
2023/10/25 15:14:57 <nil> <nil>
2023/10/25 15:15:02 Passage уже отправлен
2023/10/25 15:15:02 <nil> <nil>
2023/10/25 15:15:07 Passage уже отправлен
2023/10/25 15:15:07 <nil> <nil>
2023/10/25 15:15:12 Passage уже отправлен
2023/10/25 15:15:12 <nil> <nil>
2023/10/25 15:15:17 Passage уже отправлен
2023/10/25 15:15:17 <nil> <nil>
2023/10/25 15:15:22 Passage уже отправлен
2023/10/25 15:15:22 <nil> <nil>
2023/10/25 15:15:27 Passage уже отправлен
2023/10/25 15:15:27 <nil> <nil>
2023/10/25 15:15:32 Passage уже отправлен
2023/10/25 15:15:32 <nil> <nil>
2023/10/25 15:15:37 Passage уже отправлен
2023/10/25 15:15:37 <nil> <nil>
2023/10/25 15:15:42 Passage уже отправлен
2023/10/25 15:15:42 <nil> <nil>
2023/10/25 15:15:47 Passage уже отправлен
2023/10/25 15:15:47 <nil> <nil>
2023/10/25 15:15:52 Passage уже отправлен
2023/10/25 15:15:53 <nil> <nil>
2023/10/25 15:15:58 Passage уже отправлен
2023/10/25 15:15:58 <nil> <nil>
2023/10/25 15:16:03 Passage уже отправлен
2023/10/25 15:16:03 <nil> <nil>
2023/10/25 15:16:08 Passage уже отправлен
2023/10/25 15:16:08 <nil> <nil>
2023/10/25 15:16:13 Passage уже отправлен
2023/10/25 15:16:13 <nil> <nil>
2023/10/25 15:16:18 Passage уже отправлен
2023/10/25 15:16:18 <nil> <nil>
2023/10/25 15:16:23 Passage уже отправлен
2023/10/25 15:16:23 <nil> <nil>
2023/10/25 15:16:28 Passage уже отправлен
2023/10/25 15:16:28 <nil> <nil>
2023/10/25 15:16:33 Passage уже отправлен
2023/10/25 15:16:33 <nil> <nil>
2023/10/25 15:16:38 Passage уже отправлен
2023/10/25 15:16:38 <nil> <nil>
2023/10/25 15:16:43 Passage уже отправлен
2023/10/25 15:16:43 <nil> <nil>
2023/10/25 15:16:48 Passage уже отправлен
2023/10/25 15:16:48 <nil> <nil>
2023/10/25 15:16:53 Passage уже отправлен
2023/10/25 15:16:53 <nil> <nil>
2023/10/25 15:16:58 Passage уже отправлен
2023/10/25 15:16:58 <nil> <nil>
2023/10/25 15:17:03 Passage уже отправлен
2023/10/25 15:17:03 <nil> <nil>
2023/10/25 15:17:08 Passage уже отправлен
2023/10/25 15:17:08 <nil> <nil>
2023/10/25 15:17:13 Passage уже отправлен
2023/10/25 15:17:13 <nil> <nil>
2023/10/25 15:17:18 Passage уже отправлен
2023/10/25 15:17:18 <nil> <nil>
2023/10/25 15:17:23 Passage уже отправлен
2023/10/25 15:17:23 <nil> <nil>
2023/10/25 15:17:28 Passage уже отправлен
2023/10/25 15:17:28 <nil> <nil>
2023/10/25 15:17:33 Passage уже отправлен
2023/10/25 15:17:33 <nil> <nil>
2023/10/25 15:17:38 Passage уже отправлен
2023/10/25 15:17:38 <nil> <nil>
2023/10/25 15:17:43 Passage уже отправлен
2023/10/25 15:17:43 <nil> <nil>
2023/10/25 15:17:48 Passage уже отправлен
2023/10/25 15:17:48 <nil> <nil>
2023/10/25 15:17:53 Passage уже отправлен
2023/10/25 15:17:53 <nil> <nil>
2023/10/25 15:17:58 Passage уже отправлен
2023/10/25 15:17:58 <nil> <nil>
2023/10/25 15:18:03 Passage уже отправлен
2023/10/25 15:18:03 <nil> <nil>
2023/10/25 15:18:08 Passage уже отправлен
2023/10/25 15:18:08 <nil> <nil>
2023/10/25 15:18:13 Passage уже отправлен
2023/10/25 15:18:13 <nil> <nil>
2023/10/25 15:18:18 Passage уже отправлен
2023/10/25 15:18:18 <nil> <nil>
2023/10/25 15:18:23 Passage уже отправлен
2023/10/25 15:18:23 <nil> <nil>
2023/10/25 15:18:28 Passage уже отправлен
2023/10/25 15:18:28 <nil> <nil>
2023/10/25 15:18:33 Passage уже отправлен
2023/10/25 15:18:33 <nil> <nil>
2023/10/25 15:18:38 Passage уже отправлен
2023/10/25 15:18:38 <nil> <nil>
2023/10/25 15:18:43 Passage уже отправлен
2023/10/25 15:18:43 <nil> <nil>
2023/10/25 15:18:48 Passage уже отправлен
2023/10/25 15:18:48 <nil> <nil>
2023/10/25 15:18:53 Passage уже отправлен
2023/10/25 15:18:53 <nil> <nil>
2023/10/25 15:18:58 Passage уже отправлен
2023/10/25 15:18:58 <nil> <nil>
2023/10/25 15:19:03 Passage уже отправлен
2023/10/25 15:19:03 <nil> <nil>
2023/10/25 15:19:08 Passage уже отправлен
2023/10/25 15:19:08 <nil> <nil>
2023/10/25 15:19:13 Passage уже отправлен
2023/10/25 15:19:13 <nil> <nil>
2023/10/25 15:19:18 Passage уже отправлен
2023/10/25 15:19:18 <nil> <nil>
2023/10/25 15:19:23 Passage уже отправлен
2023/10/25 15:19:23 <nil> <nil>
2023/10/25 15:19:28 Passage уже отправлен
2023/10/25 15:19:28 <nil> <nil>
2023/10/25 15:19:33 Passage уже отправлен
2023/10/25 15:19:33 <nil> <nil>
2023/10/25 15:19:38 Passage уже отправлен
2023/10/25 15:19:38 <nil> <nil>
2023/10/25 15:19:43 Passage уже отправлен
2023/10/25 15:19:43 <nil> <nil>
2023/10/25 15:19:48 Passage уже отправлен
2023/10/25 15:19:48 <nil> <nil>
2023/10/25 15:19:53 Passage уже отправлен
2023/10/25 15:19:53 <nil> <nil>
2023/10/25 15:19:58 Passage уже отправлен
2023/10/25 15:19:58 <nil> <nil>
2023/10/25 15:20:03 Passage уже отправлен
2023/10/25 15:20:03 <nil> <nil>
2023/10/25 15:20:08 Passage уже отправлен
2023/10/25 15:20:08 <nil> <nil>
2023/10/25 15:20:13 Passage уже отправлен
2023/10/25 15:20:13 <nil> <nil>
2023/10/25 15:20:18 Passage уже отправлен
2023/10/25 15:20:18 <nil> <nil>
2023/10/25 15:20:23 Passage уже отправлен
2023/10/25 15:20:23 <nil> <nil>
2023/10/25 15:20:28 Passage уже отправлен
2023/10/25 15:20:28 <nil> <nil>
2023/10/25 15:20:33 Passage уже отправлен
2023/10/25 15:20:33 <nil> <nil>
2023/10/25 15:20:38 Passage уже отправлен
2023/10/25 15:20:38 <nil> <nil>
2023/10/25 15:20:43 Passage уже отправлен
2023/10/25 15:20:43 <nil> <nil>
2023/10/25 15:20:48 Passage уже отправлен
2023/10/25 15:20:48 <nil> <nil>
2023/10/25 15:20:53 Passage уже отправлен
2023/10/25 15:20:53 <nil> <nil>
2023/10/25 15:20:58 Passage уже отправлен
2023/10/25 15:20:58 <nil> <nil>
2023/10/25 15:21:03 Passage уже отправлен
2023/10/25 15:21:03 <nil> <nil>
2023/10/25 15:21:08 Passage уже отправлен
2023/10/25 15:21:08 <nil> <nil>
2023/10/25 15:21:13 Passage уже отправлен
2023/10/25 15:21:13 <nil> <nil>
2023/10/25 15:21:18 Passage уже отправлен
2023/10/25 15:21:18 <nil> <nil>
2023/10/25 15:21:23 Passage уже отправлен
2023/10/25 15:21:23 <nil> <nil>
2023/10/25 15:21:28 Passage уже отправлен
2023/10/25 15:21:28 <nil> <nil>
2023/10/25 15:21:33 Passage уже отправлен
2023/10/25 15:21:33 <nil> <nil>
2023/10/25 15:21:38 Passage уже отправлен
2023/10/25 15:21:38 <nil> <nil>
2023/10/25 15:21:43 Passage уже отправлен
2023/10/25 15:21:43 <nil> <nil>
2023/10/25 15:21:48 Passage уже отправлен
2023/10/25 15:21:48 <nil> <nil>
2023/10/25 15:21:53 Passage уже отправлен
2023/10/25 15:21:53 <nil> <nil>
2023/10/25 15:21:58 Passage уже отправлен
2023/10/25 15:21:58 <nil> <nil>
2023/10/25 15:22:03 Passage уже отправлен
2023/10/25 15:22:03 <nil> <nil>
2023/10/25 15:22:08 Passage уже отправлен
2023/10/25 15:22:08 <nil> <nil>
2023/10/25 15:22:13 Passage уже отправлен
2023/10/25 15:22:13 <nil> <nil>
2023/10/25 15:22:18 Passage уже отправлен
2023/10/25 15:22:18 <nil> <nil>
2023/10/25 15:22:23 Passage уже отправлен
2023/10/25 15:22:23 <nil> <nil>
2023/10/25 15:22:28 Passage уже отправлен
2023/10/25 15:22:28 <nil> <nil>
2023/10/25 15:22:33 Passage уже отправлен
2023/10/25 15:22:33 <nil> <nil>
2023/10/25 15:22:38 Passage уже отправлен
2023/10/25 15:22:38 <nil> <nil>
2023/10/25 15:22:43 Passage уже отправлен
2023/10/25 15:22:43 <nil> <nil>
2023/10/25 15:22:48 Passage уже отправлен
2023/10/25 15:22:48 <nil> <nil>
2023/10/25 15:22:53 Passage уже отправлен
2023/10/25 15:22:53 <nil> <nil>
2023/10/25 15:22:58 Passage уже отправлен
2023/10/25 15:22:58 <nil> <nil>
2023/10/25 15:23:03 Passage уже отправлен
2023/10/25 15:23:03 <nil> <nil>
2023/10/25 15:23:08 Passage уже отправлен
2023/10/25 15:23:08 <nil> <nil>
2023/10/25 15:23:13 Passage уже отправлен
2023/10/25 15:23:13 <nil> <nil>
2023/10/25 15:23:18 Passage уже отправлен
2023/10/25 15:23:18 <nil> <nil>
2023/10/25 15:23:23 Passage уже отправлен
2023/10/25 15:23:23 <nil> <nil>
2023/10/25 15:23:28 Passage уже отправлен
2023/10/25 15:23:28 <nil> <nil>
2023/10/25 15:23:33 Passage уже отправлен
2023/10/25 15:23:33 <nil> <nil>
2023/10/25 15:23:38 Passage уже отправлен
2023/10/25 15:23:38 <nil> <nil>
2023/10/25 15:23:43 Passage уже отправлен
2023/10/25 15:23:43 <nil> <nil>
2023/10/25 15:23:48 Passage уже отправлен
2023/10/25 15:23:48 <nil> <nil>
2023/10/25 15:23:53 Passage уже отправлен
2023/10/25 15:23:53 <nil> <nil>
2023/10/25 15:23:58 Passage уже отправлен
2023/10/25 15:23:58 <nil> <nil>
2023/10/25 15:24:03 Passage уже отправлен
2023/10/25 15:24:03 <nil> <nil>
2023/10/25 15:24:08 Passage уже отправлен
2023/10/25 15:24:08 <nil> <nil>
2023/10/25 15:24:13 Passage уже отправлен
2023/10/25 15:24:13 <nil> <nil>
2023/10/25 15:24:18 Passage уже отправлен
2023/10/25 15:24:18 <nil> <nil>
2023/10/25 15:24:23 Passage уже отправлен
2023/10/25 15:24:23 <nil> <nil>
2023/10/25 15:24:28 Passage уже отправлен
2023/10/25 15:24:28 <nil> <nil>
2023/10/25 15:24:33 Passage уже отправлен
2023/10/25 15:24:33 <nil> <nil>
2023/10/25 15:24:38 Passage уже отправлен
2023/10/25 15:24:38 <nil> <nil>
2023/10/25 15:24:43 Passage уже отправлен
2023/10/25 15:24:43 <nil> <nil>
2023/10/25 15:24:48 Passage уже отправлен
2023/10/25 15:24:48 <nil> <nil>
2023/10/25 15:24:53 Passage уже отправлен
2023/10/25 15:24:53 <nil> <nil>
2023/10/25 15:24:58 Passage уже отправлен
2023/10/25 15:24:58 <nil> <nil>
2023/10/25 15:25:03 Passage уже отправлен
2023/10/25 15:25:03 <nil> <nil>
2023/10/25 15:25:08 Passage уже отправлен
2023/10/25 15:25:08 <nil> <nil>
2023/10/25 15:25:13 Passage уже отправлен
2023/10/25 15:25:13 <nil> <nil>
2023/10/25 15:25:18 Passage уже отправлен
2023/10/25 15:25:18 <nil> <nil>
2023/10/25 15:25:23 Passage уже отправлен
2023/10/25 15:25:23 <nil> <nil>
2023/10/25 15:25:28 Passage уже отправлен
2023/10/25 15:25:28 <nil> <nil>
2023/10/25 15:25:33 Passage уже отправлен
2023/10/25 15:25:33 <nil> <nil>
2023/10/25 15:25:38 Passage уже отправлен
2023/10/25 15:25:38 <nil> <nil>
2023/10/25 15:25:43 Passage уже отправлен
2023/10/25 15:25:43 <nil> <nil>
2023/10/25 15:25:48 Passage уже отправлен
2023/10/25 15:25:48 <nil> <nil>
2023/10/25 15:25:53 Passage уже отправлен
2023/10/25 15:25:53 <nil> <nil>
2023/10/25 15:25:58 Passage уже отправлен
2023/10/25 15:25:58 <nil> <nil>
2023/10/25 15:26:03 Passage уже отправлен
2023/10/25 15:26:03 <nil> <nil>
2023/10/25 15:26:08 Passage уже отправлен
2023/10/25 15:26:08 <nil> <nil>
2023/10/25 15:26:13 Passage уже отправлен
2023/10/25 15:26:13 <nil> <nil>
2023/10/25 15:26:18 Passage уже отправлен
2023/10/25 15:26:18 <nil> <nil>
2023/10/25 15:26:23 Passage уже отправлен
2023/10/25 15:26:23 <nil> <nil>
2023/10/25 15:26:28 Passage уже отправлен
2023/10/25 15:26:28 <nil> <nil>
2023/10/25 15:26:33 Passage уже отправлен
2023/10/25 15:26:33 <nil> <nil>
2023/10/25 15:26:38 Passage уже отправлен
2023/10/25 15:26:38 <nil> <nil>
2023/10/25 15:26:43 Passage уже отправлен
2023/10/25 15:26:43 <nil> <nil>
2023/10/25 15:26:48 Passage уже отправлен
2023/10/25 15:26:48 <nil> <nil>
2023/10/25 15:26:53 Passage уже отправлен
2023/10/25 15:26:53 <nil> <nil>
2023/10/25 15:26:58 Passage уже отправлен
2023/10/25 15:26:58 <nil> <nil>
2023/10/25 15:27:03 Passage уже отправлен
2023/10/25 15:27:03 <nil> <nil>
2023/10/25 15:27:08 Passage уже отправлен
2023/10/25 15:27:08 <nil> <nil>
2023/10/25 15:27:13 Passage уже отправлен
2023/10/25 15:27:13 <nil> <nil>
2023/10/25 15:27:18 Passage уже отправлен
2023/10/25 15:27:18 <nil> <nil>
2023/10/25 15:27:23 Passage уже отправлен
2023/10/25 15:27:23 <nil> <nil>
2023/10/25 15:27:28 Passage уже отправлен
2023/10/25 15:27:28 <nil> <nil>
2023/10/25 15:27:33 Passage уже отправлен
2023/10/25 15:27:33 <nil> <nil>
2023/10/25 15:27:38 Passage уже отправлен
2023/10/25 15:27:38 <nil> <nil>
2023/10/25 15:27:43 Passage уже отправлен
2023/10/25 15:27:43 <nil> <nil>
2023/10/25 15:27:48 Passage уже отправлен
2023/10/25 15:27:48 <nil> <nil>
2023/10/25 15:27:53 Passage уже отправлен
2023/10/25 15:27:53 <nil> <nil>
2023/10/25 15:27:58 Passage уже отправлен
2023/10/25 15:27:58 <nil> <nil>
2023/10/25 15:28:03 Passage уже отправлен
2023/10/25 15:28:03 <nil> <nil>
2023/10/25 15:28:08 Passage уже отправлен
2023/10/25 15:28:08 <nil> <nil>
2023/10/25 15:28:13 Passage уже отправлен
2023/10/25 15:28:13 <nil> <nil>
2023/10/25 15:28:18 Passage уже отправлен
2023/10/25 15:28:18 <nil> <nil>
2023/10/25 15:28:23 Passage уже отправлен
2023/10/25 15:28:23 <nil> <nil>
2023/10/25 15:28:28 Passage уже отправлен
2023/10/25 15:28:28 <nil> <nil>
2023/10/25 15:28:33 Passage уже отправлен
2023/10/25 15:28:33 <nil> <nil>
2023/10/25 15:28:38 Passage уже отправлен
2023/10/25 15:28:38 <nil> <nil>
2023/10/25 15:28:43 Passage уже отправлен
2023/10/25 15:28:43 <nil> <nil>
2023/10/25 15:28:48 Passage уже отправлен
2023/10/25 15:28:48 <nil> <nil>
2023/10/25 15:28:53 Passage уже отправлен
2023/10/25 15:28:53 <nil> <nil>
2023/10/25 15:28:58 Passage уже отправлен
2023/10/25 15:28:58 <nil> <nil>
2023/10/25 15:29:03 Passage уже отправлен
2023/10/25 15:29:03 <nil> <nil>
2023/10/25 15:29:08 Passage уже отправлен
2023/10/25 15:29:08 <nil> <nil>
2023/10/25 15:29:13 Passage уже отправлен
2023/10/25 15:29:13 <nil> <nil>
2023/10/25 15:29:18 Passage уже отправлен
2023/10/25 15:29:18 <nil> <nil>
2023/10/25 15:29:23 Passage уже отправлен
2023/10/25 15:29:23 <nil> <nil>
2023/10/25 15:29:28 Passage уже отправлен
2023/10/25 15:29:28 <nil> <nil>
2023/10/25 15:29:33 Passage уже отправлен
2023/10/25 15:29:33 <nil> <nil>
2023/10/25 15:29:38 Passage уже отправлен
2023/10/25 15:29:38 <nil> <nil>
2023/10/25 15:29:43 Passage уже отправлен
2023/10/25 15:29:43 <nil> <nil>
2023/10/25 15:29:48 Passage уже отправлен
2023/10/25 15:29:48 <nil> <nil>
2023/10/25 15:29:53 Passage уже отправлен
2023/10/25 15:29:53 <nil> <nil>
2023/10/25 15:29:58 Passage уже отправлен
2023/10/25 15:29:58 <nil> <nil>
2023/10/25 15:30:03 Passage уже отправлен
2023/10/25 15:30:03 <nil> <nil>
2023/10/25 15:30:08 Passage уже отправлен
2023/10/25 15:30:08 <nil> <nil>
2023/10/25 15:30:13 Passage уже отправлен
2023/10/25 15:30:13 <nil> <nil>
2023/10/25 15:30:18 Passage уже отправлен
2023/10/25 15:30:18 <nil> <nil>
2023/10/25 15:30:23 Passage уже отправлен
2023/10/25 15:30:23 <nil> <nil>
2023/10/25 15:30:28 Passage уже отправлен
2023/10/25 15:30:28 <nil> <nil>
2023/10/25 15:30:33 Passage уже отправлен
2023/10/25 15:30:33 <nil> <nil>
2023/10/25 15:30:38 Passage уже отправлен
2023/10/25 15:30:38 <nil> <nil>
2023/10/25 15:30:43 Passage уже отправлен
2023/10/25 15:30:43 <nil> <nil>
2023/10/25 15:30:48 Passage уже отправлен
2023/10/25 15:30:48 <nil> <nil>
2023/10/25 15:30:53 Passage уже отправлен
2023/10/25 15:30:53 <nil> <nil>
2023/10/25 15:30:58 Passage уже отправлен
2023/10/25 15:30:58 <nil> <nil>
2023/10/25 15:31:03 Passage уже отправлен
2023/10/25 15:31:03 <nil> <nil>
2023/10/25 15:31:08 Passage уже отправлен
2023/10/25 15:31:08 <nil> <nil>
2023/10/25 15:31:13 Passage уже отправлен
2023/10/25 15:31:13 <nil> <nil>
2023/10/25 15:31:18 Passage уже отправлен
2023/10/25 15:31:18 <nil> <nil>
2023/10/25 15:31:23 Passage уже отправлен
2023/10/25 15:31:23 <nil> <nil>
2023/10/25 15:31:28 Passage уже отправлен
2023/10/25 15:31:28 <nil> <nil>
2023/10/25 15:31:33 Passage уже отправлен
2023/10/25 15:31:33 <nil> <nil>
2023/10/25 15:31:38 Passage уже отправлен
2023/10/25 15:31:38 <nil> <nil>
2023/10/25 15:31:43 Passage уже отправлен
2023/10/25 15:31:43 <nil> <nil>
2023/10/25 15:31:48 Passage уже отправлен
2023/10/25 15:31:48 <nil> <nil>
2023/10/25 15:31:53 Passage уже отправлен
2023/10/25 15:31:53 <nil> <nil>
2023/10/25 15:31:58 Passage уже отправлен
2023/10/25 15:31:58 <nil> <nil>
2023/10/25 15:32:03 Passage уже отправлен
2023/10/25 15:32:03 <nil> <nil>
2023/10/25 15:32:08 Passage уже отправлен
2023/10/25 15:32:08 <nil> <nil>
2023/10/25 15:32:13 Passage уже отправлен
2023/10/25 15:32:13 <nil> <nil>
2023/10/25 15:32:18 Passage уже отправлен
2023/10/25 15:32:18 <nil> <nil>
2023/10/25 15:32:23 Passage уже отправлен
2023/10/25 15:32:23 <nil> <nil>
2023/10/25 15:32:28 Passage уже отправлен
2023/10/25 15:32:28 <nil> <nil>
2023/10/25 15:32:33 Passage уже отправлен
2023/10/25 15:32:33 <nil> <nil>
2023/10/25 15:32:38 Passage уже отправлен
2023/10/25 15:32:38 <nil> <nil>
2023/10/25 15:32:43 Passage уже отправлен
2023/10/25 15:32:43 <nil> <nil>
2023/10/25 15:32:48 Passage уже отправлен
2023/10/25 15:32:48 <nil> <nil>
2023/10/25 15:32:53 Passage уже отправлен
2023/10/25 15:32:53 <nil> <nil>
2023/10/25 15:32:58 Passage уже отправлен
2023/10/25 15:32:58 <nil> <nil>
2023/10/25 15:33:03 Passage уже отправлен
2023/10/25 15:33:03 <nil> <nil>
2023/10/25 15:33:08 Passage уже отправлен
2023/10/25 15:33:08 <nil> <nil>
2023/10/25 15:33:13 Passage уже отправлен
2023/10/25 15:33:13 <nil> <nil>
2023/10/25 15:33:18 Passage уже отправлен
2023/10/25 15:33:18 <nil> <nil>
2023/10/25 15:33:23 Passage уже отправлен
2023/10/25 15:33:23 <nil> <nil>
2023/10/25 15:33:28 Passage уже отправлен
2023/10/25 15:33:28 <nil> <nil>
2023/10/25 15:33:33 Passage уже отправлен
2023/10/25 15:33:33 <nil> <nil>
2023/10/25 15:33:38 Passage уже отправлен
2023/10/25 15:33:38 <nil> <nil>
2023/10/25 15:33:43 Passage уже отправлен
2023/10/25 15:33:43 <nil> <nil>
2023/10/25 15:33:48 Passage уже отправлен
2023/10/25 15:33:48 <nil> <nil>
2023/10/25 15:33:53 Passage уже отправлен
2023/10/25 15:33:53 <nil> <nil>
2023/10/25 15:33:58 Passage уже отправлен
2023/10/25 15:33:58 <nil> <nil>
2023/10/25 15:34:03 Passage уже отправлен
2023/10/25 15:34:03 <nil> <nil>
2023/10/25 15:34:08 Passage уже отправлен
2023/10/25 15:34:08 <nil> <nil>
2023/10/25 15:34:13 Passage уже отправлен
2023/10/25 15:34:13 <nil> <nil>
2023/10/25 15:34:18 Passage уже отправлен
2023/10/25 15:34:18 <nil> <nil>
2023/10/25 15:34:23 Passage уже отправлен
2023/10/25 15:34:23 <nil> <nil>
2023/10/25 15:34:28 Passage уже отправлен
2023/10/25 15:34:28 <nil> <nil>
2023/10/25 15:34:33 Passage уже отправлен
2023/10/25 15:34:33 <nil> <nil>
2023/10/25 15:34:38 Passage уже отправлен
2023/10/25 15:34:38 <nil> <nil>
2023/10/25 15:34:43 Passage уже отправлен
2023/10/25 15:34:43 <nil> <nil>
2023/10/25 15:34:48 Passage уже отправлен
2023/10/25 15:34:48 <nil> <nil>
2023/10/25 15:34:53 Passage уже отправлен
2023/10/25 15:34:53 <nil> <nil>
2023/10/25 15:34:58 Passage уже отправлен
2023/10/25 15:34:58 <nil> <nil>
2023/10/25 15:35:03 Passage уже отправлен
2023/10/25 15:35:03 <nil> <nil>
2023/10/25 15:35:08 Passage уже отправлен
2023/10/25 15:35:08 <nil> <nil>
2023/10/25 15:35:13 Passage уже отправлен
2023/10/25 15:35:13 <nil> <nil>
2023/10/25 15:35:18 Passage уже отправлен
2023/10/25 15:35:18 <nil> <nil>
2023/10/25 15:35:23 Passage уже отправлен
2023/10/25 15:35:23 <nil> <nil>
2023/10/25 15:35:28 Passage уже отправлен
2023/10/25 15:35:28 <nil> <nil>
2023/10/25 15:35:33 Passage уже отправлен
2023/10/25 15:35:33 <nil> <nil>
2023/10/25 15:35:38 Passage уже отправлен
2023/10/25 15:35:38 <nil> <nil>
2023/10/25 15:35:43 Passage уже отправлен
2023/10/25 15:35:43 <nil> <nil>
2023/10/25 15:35:48 Passage уже отправлен
2023/10/25 15:35:48 <nil> <nil>
2023/10/25 15:35:53 Passage уже отправлен
2023/10/25 15:35:53 <nil> <nil>
2023/10/25 15:35:58 Passage уже отправлен
2023/10/25 15:35:58 <nil> <nil>
2023/10/25 15:36:03 Passage уже отправлен
2023/10/25 15:36:03 <nil> <nil>
2023/10/25 15:36:08 Passage уже отправлен
2023/10/25 15:36:08 <nil> <nil>
2023/10/25 15:36:13 Passage уже отправлен
2023/10/25 15:36:13 <nil> <nil>
2023/10/25 15:36:18 Passage уже отправлен
2023/10/25 15:36:18 <nil> <nil>
2023/10/25 15:36:23 Passage уже отправлен
2023/10/25 15:36:23 <nil> <nil>
2023/10/25 15:36:28 Passage уже отправлен
2023/10/25 15:36:28 <nil> <nil>
2023/10/25 15:36:33 Passage уже отправлен
2023/10/25 15:36:33 <nil> <nil>
2023/10/25 15:36:38 Passage уже отправлен
2023/10/25 15:36:38 <nil> <nil>
2023/10/25 15:36:43 Passage уже отправлен
2023/10/25 15:36:43 <nil> <nil>
2023/10/25 15:36:48 Passage уже отправлен
2023/10/25 15:36:48 <nil> <nil>
2023/10/25 15:36:53 Passage уже отправлен
2023/10/25 15:36:53 <nil> <nil>
2023/10/25 15:36:58 Passage уже отправлен
2023/10/25 15:36:58 <nil> <nil>
2023/10/25 15:37:03 Passage уже отправлен
2023/10/25 15:37:03 <nil> <nil>
2023/10/25 15:37:08 Passage уже отправлен
2023/10/25 15:37:08 <nil> <nil>
2023/10/25 15:37:13 Passage уже отправлен
2023/10/25 15:37:13 <nil> <nil>
2023/10/25 15:37:18 Passage уже отправлен
2023/10/25 15:37:18 <nil> <nil>
2023/10/25 15:37:23 Passage уже отправлен
2023/10/25 15:37:23 <nil> <nil>
2023/10/25 15:37:28 Passage уже отправлен
2023/10/25 15:37:28 <nil> <nil>
2023/10/25 15:37:33 Passage уже отправлен
2023/10/25 15:37:33 <nil> <nil>
2023/10/25 15:37:38 Passage уже отправлен
2023/10/25 15:37:38 <nil> <nil>
2023/10/25 15:37:43 Passage уже отправлен
2023/10/25 15:37:43 <nil> <nil>
2023/10/25 15:37:48 Passage уже отправлен
2023/10/25 15:37:48 <nil> <nil>
2023/10/25 15:37:53 Passage уже отправлен
2023/10/25 15:37:53 <nil> <nil>
2023/10/25 15:37:58 Passage уже отправлен
2023/10/25 15:37:58 <nil> <nil>
2023/10/25 15:38:03 Passage уже отправлен
2023/10/25 15:38:03 <nil> <nil>
2023/10/25 15:38:08 Passage уже отправлен
2023/10/25 15:38:08 <nil> <nil>
2023/10/25 15:38:13 Passage уже отправлен
2023/10/25 15:38:13 <nil> <nil>
2023/10/25 15:38:18 Passage уже отправлен
2023/10/25 15:38:18 <nil> <nil>
2023/10/25 15:38:23 Passage уже отправлен
2023/10/25 15:38:23 <nil> <nil>
2023/10/25 15:38:28 Passage уже отправлен
2023/10/25 15:38:28 <nil> <nil>
2023/10/25 15:38:33 Passage уже отправлен
2023/10/25 15:38:33 <nil> <nil>
2023/10/25 15:38:38 Passage уже отправлен
2023/10/25 15:38:38 <nil> <nil>
2023/10/25 15:38:43 Passage уже отправлен
2023/10/25 15:38:43 <nil> <nil>
2023/10/25 15:38:48 Passage уже отправлен
2023/10/25 15:38:48 <nil> <nil>
2023/10/25 15:38:53 Passage уже отправлен
2023/10/25 15:38:53 <nil> <nil>
2023/10/25 15:38:58 Passage уже отправлен
2023/10/25 15:38:58 <nil> <nil>
2023/10/25 15:39:03 Passage уже отправлен
2023/10/25 15:39:03 <nil> <nil>
2023/10/25 15:39:08 Passage уже отправлен
2023/10/25 15:39:08 <nil> <nil>
2023/10/25 15:39:13 Passage уже отправлен
2023/10/25 15:39:13 <nil> <nil>
2023/10/25 15:39:18 Passage уже отправлен
2023/10/25 15:39:18 <nil> <nil>
2023/10/25 15:39:23 Passage уже отправлен
2023/10/25 15:39:23 <nil> <nil>
2023/10/25 15:39:28 Passage уже отправлен
2023/10/25 15:39:28 <nil> <nil>
2023/10/25 15:39:33 Passage уже отправлен
2023/10/25 15:39:33 <nil> <nil>
2023/10/25 15:39:38 Passage уже отправлен
2023/10/25 15:39:38 <nil> <nil>
2023/10/25 15:39:43 Passage уже отправлен
2023/10/25 15:39:43 <nil> <nil>
2023/10/25 15:39:48 Passage уже отправлен
2023/10/25 15:39:48 <nil> <nil>
2023/10/25 15:39:53 Passage уже отправлен
2023/10/25 15:39:53 <nil> <nil>
2023/10/25 15:39:58 Passage уже отправлен
2023/10/25 15:39:58 <nil> <nil>
2023/10/25 15:39:59 

Получено новое сообщение: 
username -> spocksheldon
text -> /auth
chat_id -> 878749690
Конец

2023/10/25 15:39:59 При вызове Auth команда подьзователя: start
2023/10/25 15:39:59 &{ObjectID("6537665c56a1827d507566fe") Ira $2a$14$AcREBtu2Jy9aYyFKdOl0duZDmTpPt/kT9LJUiOD2kH2wwWPs14bVm  6537665c56a1827d507566fe {false false false false false} true {878749690}}
2023/10/25 15:40:00 

Получено новое сообщение: 
username -> spocksheldon
text -> /buy
chat_id -> 878749690
Конец

2023/10/25 15:40:01 

Получено новое сообщение: 
username -> spocksheldon
text -> /auth
chat_id -> 878749690
Конец

2023/10/25 15:40:01 При вызове Auth команда подьзователя: start
2023/10/25 15:40:01 &{ObjectID("6537665c56a1827d507566fe") Ira $2a$14$AcREBtu2Jy9aYyFKdOl0duZDmTpPt/kT9LJUiOD2kH2wwWPs14bVm  6537665c56a1827d507566fe {false false false false false} true {878749690}}
2023/10/25 15:40:03 Passage уже отправлен
2023/10/25 15:40:03 <nil> <nil>
2023/10/25 15:40:08 Passage уже отправлен
2023/10/25 15:40:08 <nil> <nil>
2023/10/25 15:40:13 Passage уже отправлен
2023/10/25 15:40:13 <nil> <nil>
2023/10/25 15:40:18 Passage уже отправлен
2023/10/25 15:40:18 <nil> <nil>
2023/10/25 15:40:23 Passage уже отправлен
2023/10/25 15:40:23 <nil> <nil>
2023/10/25 15:40:28 Passage уже отправлен
2023/10/25 15:40:28 <nil> <nil>
2023/10/25 15:40:33 Passage уже отправлен
2023/10/25 15:40:33 <nil> <nil>
